!SESSION 2015-07-20 13:59:56.955 -----------------------------------------------
eclipse.buildId=3.6.0.201407100658
java.version=1.8.0_40
java.vendor=Oracle Corporation
BootLoader constants: OS=win32, ARCH=x86, WS=win32, NL=en_US
Command-line arguments:  -os win32 -ws win32 -arch x86 -data C:\Aptana Studio 3  July 2015

!ENTRY com.aptana.ruby.core 4 0 2015-07-20 14:01:42.739
!MESSAGE Cannot run program "ruby": CreateProcess error=2, The system cannot find the file specified

!ENTRY com.aptana.ruby.core 4 0 2015-07-20 14:01:49.685
!MESSAGE (Build 3.6.0.201407100658) [ERROR]  Expected field decl on top of stack, but was: 

!ENTRY com.aptana.ruby.core 4 0 2015-07-20 14:01:49.686
!MESSAGE (Build 3.6.0.201407100658) [ERROR]  Expected block on top of stack, but was: update_gems(gems_to_update)

!ENTRY com.aptana.ruby.core 4 0 2015-07-20 14:01:49.687
!MESSAGE (Build 3.6.0.201407100658) [ERROR]  Expected method decl on top of stack, but was: Gem::Commands::UpdateCommand

!ENTRY com.aptana.ruby.core 4 0 2015-07-20 14:01:49.688
!MESSAGE (Build 3.6.0.201407100658) [ERROR]  Expected type decl on top of stack, but was: 

!ENTRY com.aptana.ruby.core 4 0 2015-07-20 14:01:49.688
!MESSAGE (Build 3.6.0.201407100658) [ERROR]  AST stack was empty upon exiting script, but should have contained the script.

!ENTRY com.aptana.ruby.core 4 0 2015-07-20 14:01:49.861
!MESSAGE (Build 3.6.0.201407100658) [ERROR]  Expected field decl on top of stack, but was: 

!ENTRY com.aptana.ruby.core 4 0 2015-07-20 14:01:49.861
!MESSAGE (Build 3.6.0.201407100658) [ERROR]  Expected block on top of stack, but was: map_dir(dir)

!ENTRY com.aptana.ruby.core 4 0 2015-07-20 14:01:49.862
!MESSAGE (Build 3.6.0.201407100658) [ERROR]  Expected method decl on top of stack, but was: MakeMakefile

!ENTRY com.aptana.ruby.core 4 0 2015-07-20 14:01:49.864
!MESSAGE (Build 3.6.0.201407100658) [ERROR]  Expected field decl on top of stack, but was: 

!ENTRY com.aptana.ruby.core 4 0 2015-07-20 14:01:49.864
!MESSAGE (Build 3.6.0.201407100658) [ERROR]  Expected block on top of stack, but was: checking_message(target)

!ENTRY com.aptana.ruby.core 4 0 2015-07-20 14:01:49.865
!MESSAGE (Build 3.6.0.201407100658) [ERROR]  Expected method decl on top of stack, but was: 

!ENTRY com.aptana.ruby.core 4 0 2015-07-20 14:01:50.027
!MESSAGE (Build 3.6.0.201407100658) [ERROR]  Expected field decl on top of stack, but was: 

!ENTRY com.aptana.ruby.core 4 0 2015-07-20 14:01:50.028
!MESSAGE (Build 3.6.0.201407100658) [ERROR]  Expected block on top of stack, but was: download_to_cache(dependency)

!ENTRY com.aptana.ruby.core 4 0 2015-07-20 14:01:50.028
!MESSAGE (Build 3.6.0.201407100658) [ERROR]  Expected method decl on top of stack, but was: Gem::RemoteFetcher

!ENTRY com.aptana.ruby.core 4 0 2015-07-20 14:01:50.029
!MESSAGE (Build 3.6.0.201407100658) [ERROR]  Expected type decl on top of stack, but was: 

!ENTRY com.aptana.ruby.core 4 0 2015-07-20 14:01:50.030
!MESSAGE (Build 3.6.0.201407100658) [ERROR]  AST stack was empty upon exiting script, but should have contained the script.

!ENTRY com.aptana.ruby.core 4 0 2015-07-20 14:01:51.576
!MESSAGE (Build 3.6.0.201407100658) [ERROR]  Expected field decl on top of stack, but was: 

!ENTRY com.aptana.ruby.core 4 0 2015-07-20 14:01:51.577
!MESSAGE (Build 3.6.0.201407100658) [ERROR]  Expected block on top of stack, but was: parse_entries()

!ENTRY com.aptana.ruby.core 4 0 2015-07-20 14:01:51.577
!MESSAGE (Build 3.6.0.201407100658) [ERROR]  Expected method decl on top of stack, but was: RDoc::Parser::ChangeLog

!ENTRY com.aptana.ruby.core 4 0 2015-07-20 14:01:51.578
!MESSAGE (Build 3.6.0.201407100658) [ERROR]  Expected type decl on top of stack, but was: 

!ENTRY com.aptana.ruby.core 4 0 2015-07-20 14:01:51.579
!MESSAGE (Build 3.6.0.201407100658) [ERROR]  AST stack was empty upon exiting script, but should have contained the script.

!ENTRY com.aptana.ruby.core 4 0 2015-07-20 14:01:51.626
!MESSAGE (Build 3.6.0.201407100658) [ERROR]  Expected field decl on top of stack, but was: 

!ENTRY com.aptana.ruby.core 4 0 2015-07-20 14:01:51.626
!MESSAGE (Build 3.6.0.201407100658) [ERROR]  Expected block on top of stack, but was: gemdirs()

!ENTRY com.aptana.ruby.core 4 0 2015-07-20 14:01:51.627
!MESSAGE (Build 3.6.0.201407100658) [ERROR]  Expected method decl on top of stack, but was: RDoc::RI::Paths

!ENTRY com.aptana.ruby.core 4 0 2015-07-20 14:01:51.627
!MESSAGE (Build 3.6.0.201407100658) [ERROR]  Expected type decl on top of stack, but was: 

!ENTRY com.aptana.ruby.core 4 0 2015-07-20 14:01:51.628
!MESSAGE (Build 3.6.0.201407100658) [ERROR]  AST stack was empty upon exiting script, but should have contained the script.

!ENTRY com.aptana.ruby.core 4 0 2015-07-20 14:01:52.800
!MESSAGE (Build 3.6.0.201407100658) [ERROR]  Expected field decl on top of stack, but was: 

!ENTRY com.aptana.ruby.core 4 0 2015-07-20 14:01:52.800
!MESSAGE (Build 3.6.0.201407100658) [ERROR]  Expected block on top of stack, but was: define()

!ENTRY com.aptana.ruby.core 4 0 2015-07-20 14:01:52.801
!MESSAGE (Build 3.6.0.201407100658) [ERROR]  Expected method decl on top of stack, but was: PackageTask

!ENTRY com.aptana.ruby.core 4 0 2015-07-20 14:01:52.802
!MESSAGE (Build 3.6.0.201407100658) [ERROR]  Expected type decl on top of stack, but was: 

!ENTRY com.aptana.ruby.core 4 0 2015-07-20 14:01:52.802
!MESSAGE (Build 3.6.0.201407100658) [ERROR]  AST stack was empty upon exiting script, but should have contained the script.

!ENTRY com.aptana.ruby.core 4 0 2015-07-20 14:01:52.954
!MESSAGE (Build 3.6.0.201407100658) [ERROR]  Expected field decl on top of stack, but was: 

!ENTRY com.aptana.ruby.core 4 0 2015-07-20 14:01:52.955
!MESSAGE (Build 3.6.0.201407100658) [ERROR]  Expected block on top of stack, but was: normalize_indentation(str)

!ENTRY com.aptana.ruby.core 4 0 2015-07-20 14:01:52.955
!MESSAGE (Build 3.6.0.201407100658) [ERROR]  Expected method decl on top of stack, but was: CommentNode

!ENTRY com.aptana.ruby.core 4 0 2015-07-20 14:01:52.956
!MESSAGE (Build 3.6.0.201407100658) [ERROR]  Expected type decl on top of stack, but was: 

!ENTRY com.aptana.ruby.core 4 0 2015-07-20 14:01:52.956
!MESSAGE (Build 3.6.0.201407100658) [ERROR]  AST stack was empty upon exiting script, but should have contained the script.

!ENTRY com.aptana.ruby.core 4 0 2015-07-20 14:01:52.957
!MESSAGE (Build 3.6.0.201407100658) [ERROR]  Expected field decl on top of stack, but was: 

!ENTRY com.aptana.ruby.core 4 0 2015-07-20 14:01:52.958
!MESSAGE (Build 3.6.0.201407100658) [ERROR]  Expected block on top of stack, but was: normalize_indentation(str)

!ENTRY com.aptana.ruby.core 4 0 2015-07-20 14:01:52.959
!MESSAGE (Build 3.6.0.201407100658) [ERROR]  Expected method decl on top of stack, but was: CommentNode

!ENTRY com.aptana.ruby.core 4 0 2015-07-20 14:01:52.959
!MESSAGE (Build 3.6.0.201407100658) [ERROR]  Expected type decl on top of stack, but was: 

!ENTRY com.aptana.ruby.core 4 0 2015-07-20 14:01:52.959
!MESSAGE (Build 3.6.0.201407100658) [ERROR]  AST stack was empty upon exiting script, but should have contained the script.

!ENTRY com.aptana.ruby.core 4 0 2015-07-20 14:01:53.587
!MESSAGE (Build 3.6.0.201407100658) [ERROR]  Expected field decl on top of stack, but was: 

!ENTRY com.aptana.ruby.core 4 0 2015-07-20 14:01:53.588
!MESSAGE (Build 3.6.0.201407100658) [ERROR]  Expected block on top of stack, but was: Gem::Doctor

!ENTRY com.aptana.ruby.core 4 0 2015-07-20 14:01:53.589
!MESSAGE (Build 3.6.0.201407100658) [ERROR]  Expected type decl on top of stack, but was: 

!ENTRY com.aptana.ruby.core 4 0 2015-07-20 14:01:53.589
!MESSAGE (Build 3.6.0.201407100658) [ERROR]  AST stack was empty upon exiting script, but should have contained the script.

!ENTRY com.aptana.ruby.core 4 0 2015-07-20 14:01:53.590
!MESSAGE (Build 3.6.0.201407100658) [ERROR]  Expected field decl on top of stack, but was: 

!ENTRY com.aptana.ruby.core 4 0 2015-07-20 14:01:53.591
!MESSAGE (Build 3.6.0.201407100658) [ERROR]  Expected block on top of stack, but was: Gem::Doctor

!ENTRY com.aptana.ruby.core 4 0 2015-07-20 14:01:53.592
!MESSAGE (Build 3.6.0.201407100658) [ERROR]  Expected type decl on top of stack, but was: 

!ENTRY com.aptana.ruby.core 4 0 2015-07-20 14:01:53.592
!MESSAGE (Build 3.6.0.201407100658) [ERROR]  AST stack was empty upon exiting script, but should have contained the script.

!ENTRY com.aptana.ruby.core 4 0 2015-07-20 14:01:54.520
!MESSAGE (Build 3.6.0.201407100658) [ERROR]  Expected field decl on top of stack, but was: 

!ENTRY com.aptana.ruby.core 4 0 2015-07-20 14:01:54.521
!MESSAGE (Build 3.6.0.201407100658) [ERROR]  Expected block on top of stack, but was: output_query_results(spec_tuples)

!ENTRY com.aptana.ruby.core 4 0 2015-07-20 14:01:54.521
!MESSAGE (Build 3.6.0.201407100658) [ERROR]  Expected method decl on top of stack, but was: Gem::Commands::QueryCommand

!ENTRY com.aptana.ruby.core 4 0 2015-07-20 14:01:54.522
!MESSAGE (Build 3.6.0.201407100658) [ERROR]  Expected type decl on top of stack, but was: 

!ENTRY com.aptana.ruby.core 4 0 2015-07-20 14:01:54.523
!MESSAGE (Build 3.6.0.201407100658) [ERROR]  AST stack was empty upon exiting script, but should have contained the script.

!ENTRY com.aptana.ruby.core 4 0 2015-07-20 14:01:55.154
!MESSAGE (Build 3.6.0.201407100658) [ERROR]  Expected field decl on top of stack, but was: 

!ENTRY com.aptana.ruby.core 4 0 2015-07-20 14:01:55.155
!MESSAGE (Build 3.6.0.201407100658) [ERROR]  Expected block on top of stack, but was: parse(argv)

!ENTRY com.aptana.ruby.core 4 0 2015-07-20 14:01:55.156
!MESSAGE (Build 3.6.0.201407100658) [ERROR]  Expected method decl on top of stack, but was: RDoc::Options

!ENTRY com.aptana.ruby.core 4 0 2015-07-20 14:01:55.157
!MESSAGE (Build 3.6.0.201407100658) [ERROR]  Expected type decl on top of stack, but was: 

!ENTRY com.aptana.ruby.core 4 0 2015-07-20 14:01:55.158
!MESSAGE (Build 3.6.0.201407100658) [ERROR]  AST stack was empty upon exiting script, but should have contained the script.

!ENTRY com.aptana.ruby.core 4 0 2015-07-20 14:01:56.357
!MESSAGE (Build 3.6.0.201407100658) [ERROR]  Expected field decl on top of stack, but was: 

!ENTRY com.aptana.ruby.core 4 0 2015-07-20 14:01:56.358
!MESSAGE (Build 3.6.0.201407100658) [ERROR]  Expected block on top of stack, but was: perform_arguments(callable, args, keywords, splat)

!ENTRY com.aptana.ruby.core 4 0 2015-07-20 14:01:56.358
!MESSAGE (Build 3.6.0.201407100658) [ERROR]  Expected method decl on top of stack, but was: Sass::Tree::Visitors::Perform

!ENTRY com.aptana.ruby.core 4 0 2015-07-20 14:01:56.359
!MESSAGE (Build 3.6.0.201407100658) [ERROR]  Expected field decl on top of stack, but was: 

!ENTRY com.aptana.ruby.core 4 0 2015-07-20 14:01:56.360
!MESSAGE (Build 3.6.0.201407100658) [ERROR]  Expected block on top of stack, but was: stack_trace()

!ENTRY com.aptana.ruby.core 4 0 2015-07-20 14:01:56.360
!MESSAGE (Build 3.6.0.201407100658) [ERROR]  Expected method decl on top of stack, but was: 

!ENTRY com.aptana.ruby.core 4 0 2015-07-20 14:01:56.361
!MESSAGE (Build 3.6.0.201407100658) [ERROR]  AST stack was empty upon exiting type declaration, but should have contained the type.

!ENTRY com.aptana.ruby.core 4 0 2015-07-20 14:01:56.361
!MESSAGE (Build 3.6.0.201407100658) [ERROR]  AST stack was empty upon exiting script, but should have contained the script.

!ENTRY com.aptana.ruby.core 4 0 2015-07-20 14:01:57.960
!MESSAGE (Build 3.6.0.201407100658) [ERROR]  Expected field decl on top of stack, but was: 

!ENTRY com.aptana.ruby.core 4 0 2015-07-20 14:01:57.961
!MESSAGE (Build 3.6.0.201407100658) [ERROR]  Expected block on top of stack, but was: int_from_prime_division(pd)

!ENTRY com.aptana.ruby.core 4 0 2015-07-20 14:01:57.961
!MESSAGE (Build 3.6.0.201407100658) [ERROR]  Expected method decl on top of stack, but was: Prime

!ENTRY com.aptana.ruby.core 4 0 2015-07-20 14:01:57.962
!MESSAGE (Build 3.6.0.201407100658) [ERROR]  Expected type decl on top of stack, but was: 

!ENTRY com.aptana.ruby.core 4 0 2015-07-20 14:01:57.962
!MESSAGE (Build 3.6.0.201407100658) [ERROR]  AST stack was empty upon exiting script, but should have contained the script.

!ENTRY com.aptana.ruby.core 4 0 2015-07-20 14:01:59.841
!MESSAGE (Build 3.6.0.201407100658) [ERROR]  Expected field decl on top of stack, but was: 

!ENTRY com.aptana.ruby.core 4 0 2015-07-20 14:01:59.842
!MESSAGE (Build 3.6.0.201407100658) [ERROR]  Expected block on top of stack, but was: compact_specs(specs)

!ENTRY com.aptana.ruby.core 4 0 2015-07-20 14:01:59.842
!MESSAGE (Build 3.6.0.201407100658) [ERROR]  Expected method decl on top of stack, but was: Gem::Indexer

!ENTRY com.aptana.ruby.core 4 0 2015-07-20 14:01:59.843
!MESSAGE (Build 3.6.0.201407100658) [ERROR]  Expected type decl on top of stack, but was: 

!ENTRY com.aptana.ruby.core 4 0 2015-07-20 14:01:59.844
!MESSAGE (Build 3.6.0.201407100658) [ERROR]  AST stack was empty upon exiting script, but should have contained the script.

!ENTRY com.aptana.ruby.core 4 0 2015-07-20 14:02:00.398
!MESSAGE (Build 3.6.0.201407100658) [ERROR]  Expected field decl on top of stack, but was: 

!ENTRY com.aptana.ruby.core 4 0 2015-07-20 14:02:00.399
!MESSAGE (Build 3.6.0.201407100658) [ERROR]  Expected block on top of stack, but was: find_real_file(dir, name, options)

!ENTRY com.aptana.ruby.core 4 0 2015-07-20 14:02:00.399
!MESSAGE (Build 3.6.0.201407100658) [ERROR]  Expected field decl on top of stack, but was: 

!ENTRY com.aptana.ruby.core 4 0 2015-07-20 14:02:00.400
!MESSAGE (Build 3.6.0.201407100658) [ERROR]  Expected block on top of stack, but was: Filesystem

!ENTRY com.aptana.ruby.core 4 0 2015-07-20 14:02:00.401
!MESSAGE (Build 3.6.0.201407100658) [ERROR]  Expected field decl on top of stack, but was: 

!ENTRY com.aptana.ruby.core 4 0 2015-07-20 14:02:00.401
!MESSAGE (Build 3.6.0.201407100658) [ERROR]  Expected block on top of stack, but was: Importers

!ENTRY com.aptana.ruby.core 4 0 2015-07-20 14:02:00.402
!MESSAGE (Build 3.6.0.201407100658) [ERROR]  Expected method decl on top of stack, but was: Sass

!ENTRY com.aptana.ruby.core 4 0 2015-07-20 14:02:00.402
!MESSAGE (Build 3.6.0.201407100658) [ERROR]  Expected type decl on top of stack, but was: 

!ENTRY com.aptana.ruby.core 4 0 2015-07-20 14:02:00.403
!MESSAGE (Build 3.6.0.201407100658) [ERROR]  AST stack was empty upon exiting type declaration, but should have contained the type.

!ENTRY com.aptana.ruby.core 4 0 2015-07-20 14:02:00.403
!MESSAGE (Build 3.6.0.201407100658) [ERROR]  AST stack was empty upon exiting type declaration, but should have contained the type.

!ENTRY com.aptana.ruby.core 4 0 2015-07-20 14:02:00.404
!MESSAGE (Build 3.6.0.201407100658) [ERROR]  AST stack was empty upon exiting script, but should have contained the script.

!ENTRY com.aptana.ruby.core 4 0 2015-07-20 14:02:02.278
!MESSAGE (Build 3.6.0.201407100658) [ERROR]  Expected field decl on top of stack, but was: 

!ENTRY com.aptana.ruby.core 4 0 2015-07-20 14:02:02.279
!MESSAGE (Build 3.6.0.201407100658) [ERROR]  Expected block on top of stack, but was: _run_anything(type)

!ENTRY com.aptana.ruby.core 4 0 2015-07-20 14:02:02.279
!MESSAGE (Build 3.6.0.201407100658) [ERROR]  Expected field decl on top of stack, but was: 

!ENTRY com.aptana.ruby.core 4 0 2015-07-20 14:02:02.280
!MESSAGE (Build 3.6.0.201407100658) [ERROR]  Expected block on top of stack, but was: Unit

!ENTRY com.aptana.ruby.core 4 0 2015-07-20 14:02:02.280
!MESSAGE (Build 3.6.0.201407100658) [ERROR]  Expected method decl on top of stack, but was: MiniTest

!ENTRY com.aptana.ruby.core 4 0 2015-07-20 14:02:02.281
!MESSAGE (Build 3.6.0.201407100658) [ERROR]  Expected type decl on top of stack, but was: 

!ENTRY com.aptana.ruby.core 4 0 2015-07-20 14:02:02.282
!MESSAGE (Build 3.6.0.201407100658) [ERROR]  AST stack was empty upon exiting type declaration, but should have contained the type.

!ENTRY com.aptana.ruby.core 4 0 2015-07-20 14:02:02.733
!MESSAGE (Build 3.6.0.201407100658) [ERROR]  Not supported yet.
!STACK 0
java.lang.UnsupportedOperationException: Not supported yet.
	at org.jrubyparser.ast.LambdaNode.accept(LambdaNode.java:58)
	at com.aptana.ruby.core.ast.AbstractVisitor.acceptNode(AbstractVisitor.java:37)
	at com.aptana.ruby.core.ast.InOrderVisitor.visitHashNode(InOrderVisitor.java:414)
	at org.jrubyparser.ast.HashNode.accept(HashNode.java:57)
	at com.aptana.ruby.core.ast.AbstractVisitor.acceptNode(AbstractVisitor.java:37)
	at com.aptana.ruby.core.ast.InOrderVisitor.visitCallNode(InOrderVisitor.java:193)
	at com.aptana.ruby.core.ast.SourceElementVisitor.visitCallNode(SourceElementVisitor.java:230)
	at org.jrubyparser.ast.CallNode.accept(CallNode.java:70)
	at com.aptana.ruby.core.ast.AbstractVisitor.acceptNode(AbstractVisitor.java:53)
	at com.aptana.ruby.core.ast.InOrderVisitor.visitLocalAsgnNode(InOrderVisitor.java:456)
	at com.aptana.ruby.core.ast.SourceElementVisitor.visitLocalAsgnNode(SourceElementVisitor.java:839)
	at org.jrubyparser.ast.LocalAsgnNode.accept(LocalAsgnNode.java:62)
	at com.aptana.ruby.core.ast.AbstractVisitor.acceptNode(AbstractVisitor.java:53)
	at com.aptana.ruby.core.ast.InOrderVisitor.visitIfNode(InOrderVisitor.java:438)
	at org.jrubyparser.ast.IfNode.accept(IfNode.java:65)
	at com.aptana.ruby.core.ast.AbstractVisitor.acceptNode(AbstractVisitor.java:53)
	at com.aptana.ruby.core.ast.InOrderVisitor.visitNewlineNode(InOrderVisitor.java:525)
	at org.jrubyparser.ast.NewlineNode.accept(NewlineNode.java:67)
	at com.aptana.ruby.core.ast.AbstractVisitor.acceptNode(AbstractVisitor.java:37)
	at com.aptana.ruby.core.ast.InOrderVisitor.visitDefnNode(InOrderVisitor.java:299)
	at com.aptana.ruby.core.ast.SourceElementVisitor.visitDefnNode(SourceElementVisitor.java:346)
	at org.jrubyparser.ast.DefnNode.accept(DefnNode.java:51)
	at com.aptana.ruby.core.ast.AbstractVisitor.acceptNode(AbstractVisitor.java:53)
	at com.aptana.ruby.core.ast.InOrderVisitor.visitNewlineNode(InOrderVisitor.java:525)
	at org.jrubyparser.ast.NewlineNode.accept(NewlineNode.java:67)
	at com.aptana.ruby.core.ast.AbstractVisitor.acceptNode(AbstractVisitor.java:37)
	at com.aptana.ruby.core.ast.InOrderVisitor.visitClassNode(InOrderVisitor.java:213)
	at com.aptana.ruby.core.ast.SourceElementVisitor.visitClassNode(SourceElementVisitor.java:260)
	at org.jrubyparser.ast.ClassNode.accept(ClassNode.java:68)
	at com.aptana.ruby.core.ast.AbstractVisitor.acceptNode(AbstractVisitor.java:53)
	at com.aptana.ruby.core.ast.InOrderVisitor.visitNewlineNode(InOrderVisitor.java:525)
	at org.jrubyparser.ast.NewlineNode.accept(NewlineNode.java:67)
	at com.aptana.ruby.core.ast.AbstractVisitor.acceptNode(AbstractVisitor.java:53)
	at com.aptana.ruby.core.ast.InOrderVisitor.visitRootNode(InOrderVisitor.java:668)
	at com.aptana.ruby.core.ast.SourceElementVisitor.visitRootNode(SourceElementVisitor.java:848)
	at org.jrubyparser.ast.RootNode.accept(RootNode.java:84)
	at com.aptana.ruby.core.ast.AbstractVisitor.acceptNode(AbstractVisitor.java:53)
	at com.aptana.ruby.internal.core.index.RubyFileIndexingParticipant.indexAST(RubyFileIndexingParticipant.java:73)
	at com.aptana.ruby.internal.core.index.RubyFileIndexingParticipant.indexSource(RubyFileIndexingParticipant.java:61)
	at com.aptana.ruby.internal.core.index.RubyFileIndexingParticipant.index(RubyFileIndexingParticipant.java:37)
	at com.aptana.core.internal.build.IndexBuildParticipant.buildFile(IndexBuildParticipant.java:132)
	at com.aptana.core.internal.build.LazyBuildParticipant.buildFile(LazyBuildParticipant.java:72)
	at com.aptana.core.build.UnifiedBuilder.buildFile(UnifiedBuilder.java:614)
	at com.aptana.core.build.UnifiedBuilder.doBuildFiles(UnifiedBuilder.java:525)
	at com.aptana.core.build.UnifiedBuilder.buildFiles(UnifiedBuilder.java:497)
	at com.aptana.core.build.UnifiedBuilder.fullBuild(UnifiedBuilder.java:343)
	at com.aptana.core.build.UnifiedBuilder.build(UnifiedBuilder.java:178)
	at org.eclipse.core.internal.events.BuildManager$2.run(BuildManager.java:733)
	at org.eclipse.core.runtime.SafeRunner.run(SafeRunner.java:42)
	at org.eclipse.core.internal.events.BuildManager.basicBuild(BuildManager.java:206)
	at org.eclipse.core.internal.events.BuildManager.basicBuild(BuildManager.java:246)
	at org.eclipse.core.internal.events.BuildManager$1.run(BuildManager.java:299)
	at org.eclipse.core.runtime.SafeRunner.run(SafeRunner.java:42)
	at org.eclipse.core.internal.events.BuildManager.basicBuild(BuildManager.java:302)
	at org.eclipse.core.internal.events.BuildManager.basicBuildLoop(BuildManager.java:358)
	at org.eclipse.core.internal.events.BuildManager.build(BuildManager.java:381)
	at org.eclipse.core.internal.events.AutoBuildJob.doBuild(AutoBuildJob.java:143)
	at org.eclipse.core.internal.events.AutoBuildJob.run(AutoBuildJob.java:241)
	at org.eclipse.core.internal.jobs.Worker.run(Worker.java:53)

!ENTRY com.aptana.ruby.core 4 0 2015-07-20 14:02:06.231
!MESSAGE (Build 3.6.0.201407100658) [ERROR]  Expected field decl on top of stack, but was: 

!ENTRY com.aptana.ruby.core 4 0 2015-07-20 14:02:06.232
!MESSAGE (Build 3.6.0.201407100658) [ERROR]  Expected block on top of stack, but was: inject_values(str, values)

!ENTRY com.aptana.ruby.core 4 0 2015-07-20 14:02:06.232
!MESSAGE (Build 3.6.0.201407100658) [ERROR]  Expected method decl on top of stack, but was: Util

!ENTRY com.aptana.ruby.core 4 0 2015-07-20 14:02:06.233
!MESSAGE (Build 3.6.0.201407100658) [ERROR]  Expected type decl on top of stack, but was: 

!ENTRY com.aptana.ruby.core 4 0 2015-07-20 14:02:06.233
!MESSAGE (Build 3.6.0.201407100658) [ERROR]  AST stack was empty upon exiting script, but should have contained the script.

!ENTRY com.aptana.ruby.core 4 0 2015-07-20 14:02:06.821
!MESSAGE (Build 3.6.0.201407100658) [ERROR]  Expected field decl on top of stack, but was: 

!ENTRY com.aptana.ruby.core 4 0 2015-07-20 14:02:06.822
!MESSAGE (Build 3.6.0.201407100658) [ERROR]  Expected block on top of stack, but was: add_comment(comment, location)

!ENTRY com.aptana.ruby.core 4 0 2015-07-20 14:02:06.823
!MESSAGE (Build 3.6.0.201407100658) [ERROR]  Expected method decl on top of stack, but was: RDoc::ClassModule

!ENTRY com.aptana.ruby.core 4 0 2015-07-20 14:02:06.824
!MESSAGE (Build 3.6.0.201407100658) [ERROR]  Expected type decl on top of stack, but was: 

!ENTRY com.aptana.ruby.core 4 0 2015-07-20 14:02:06.824
!MESSAGE (Build 3.6.0.201407100658) [ERROR]  AST stack was empty upon exiting script, but should have contained the script.

!ENTRY com.aptana.ruby.core 4 0 2015-07-20 14:02:08.378
!MESSAGE (Build 3.6.0.201407100658) [ERROR]  Expected field decl on top of stack, but was: 

!ENTRY com.aptana.ruby.core 4 0 2015-07-20 14:02:08.378
!MESSAGE (Build 3.6.0.201407100658) [ERROR]  Expected block on top of stack, but was: special_fun()

!ENTRY com.aptana.ruby.core 4 0 2015-07-20 14:02:08.379
!MESSAGE (Build 3.6.0.201407100658) [ERROR]  Expected method decl on top of stack, but was: Parser

!ENTRY com.aptana.ruby.core 4 0 2015-07-20 14:02:08.379
!MESSAGE (Build 3.6.0.201407100658) [ERROR]  Expected type decl on top of stack, but was: 

!ENTRY com.aptana.ruby.core 4 0 2015-07-20 14:02:08.380
!MESSAGE (Build 3.6.0.201407100658) [ERROR]  AST stack was empty upon exiting script, but should have contained the script.

!ENTRY com.aptana.ruby.core 4 0 2015-07-20 14:02:09.622
!MESSAGE (Build 3.6.0.201407100658) [ERROR]  Expected field decl on top of stack, but was: 

!ENTRY com.aptana.ruby.core 4 0 2015-07-20 14:02:09.623
!MESSAGE (Build 3.6.0.201407100658) [ERROR]  Expected block on top of stack, but was: adjust_color(color, kwargs)

!ENTRY com.aptana.ruby.core 4 0 2015-07-20 14:02:09.623
!MESSAGE (Build 3.6.0.201407100658) [ERROR]  Expected method decl on top of stack, but was: Functions

!ENTRY com.aptana.ruby.core 4 0 2015-07-20 14:02:09.624
!MESSAGE (Build 3.6.0.201407100658) [ERROR]  Expected type decl on top of stack, but was: 

!ENTRY com.aptana.ruby.core 4 0 2015-07-20 14:02:09.624
!MESSAGE (Build 3.6.0.201407100658) [ERROR]  AST stack was empty upon exiting script, but should have contained the script.

!ENTRY com.aptana.ruby.core 4 0 2015-07-20 14:02:11.162
!MESSAGE (Build 3.6.0.201407100658) [ERROR]  Expected field decl on top of stack, but was: 

!ENTRY com.aptana.ruby.core 4 0 2015-07-20 14:02:11.162
!MESSAGE (Build 3.6.0.201407100658) [ERROR]  Expected block on top of stack, but was: hash()

!ENTRY com.aptana.ruby.core 4 0 2015-07-20 14:02:11.163
!MESSAGE (Build 3.6.0.201407100658) [ERROR]  Expected method decl on top of stack, but was: Gem::Specification

!ENTRY com.aptana.ruby.core 4 0 2015-07-20 14:02:11.164
!MESSAGE (Build 3.6.0.201407100658) [ERROR]  Expected type decl on top of stack, but was: 

!ENTRY com.aptana.ruby.core 4 0 2015-07-20 14:02:11.165
!MESSAGE (Build 3.6.0.201407100658) [ERROR]  AST stack was empty upon exiting script, but should have contained the script.

!ENTRY com.aptana.ruby.core 4 0 2015-07-20 14:02:11.284
!MESSAGE (Build 3.6.0.201407100658) [ERROR]  Expected field decl on top of stack, but was: 

!ENTRY com.aptana.ruby.core 4 0 2015-07-20 14:02:11.284
!MESSAGE (Build 3.6.0.201407100658) [ERROR]  Expected block on top of stack, but was: bmbm()

!ENTRY com.aptana.ruby.core 4 0 2015-07-20 14:02:11.285
!MESSAGE (Build 3.6.0.201407100658) [ERROR]  Expected method decl on top of stack, but was: Benchmark

!ENTRY com.aptana.ruby.core 4 0 2015-07-20 14:02:11.285
!MESSAGE (Build 3.6.0.201407100658) [ERROR]  Expected type decl on top of stack, but was: 

!ENTRY com.aptana.ruby.core 4 0 2015-07-20 14:02:13.859
!MESSAGE (Build 3.6.0.201407100658) [ERROR]  Expected field decl on top of stack, but was: 

!ENTRY com.aptana.ruby.core 4 0 2015-07-20 14:02:13.860
!MESSAGE (Build 3.6.0.201407100658) [ERROR]  Expected block on top of stack, but was: test_log_level_orders()

!ENTRY com.aptana.ruby.core 4 0 2015-07-20 14:02:13.860
!MESSAGE (Build 3.6.0.201407100658) [ERROR]  Expected method decl on top of stack, but was: LoggerTest

!ENTRY com.aptana.ruby.core 4 0 2015-07-20 14:02:13.861
!MESSAGE (Build 3.6.0.201407100658) [ERROR]  Expected type decl on top of stack, but was: 

!ENTRY com.aptana.ruby.core 4 0 2015-07-20 14:02:13.862
!MESSAGE (Build 3.6.0.201407100658) [ERROR]  AST stack was empty upon exiting script, but should have contained the script.

!ENTRY com.aptana.ruby.core 4 0 2015-07-20 14:02:13.863
!MESSAGE (Build 3.6.0.201407100658) [ERROR]  Expected field decl on top of stack, but was: 

!ENTRY com.aptana.ruby.core 4 0 2015-07-20 14:02:13.863
!MESSAGE (Build 3.6.0.201407100658) [ERROR]  Expected block on top of stack, but was: test_log_level_orders()

!ENTRY com.aptana.ruby.core 4 0 2015-07-20 14:02:13.864
!MESSAGE (Build 3.6.0.201407100658) [ERROR]  Expected method decl on top of stack, but was: LoggerTest

!ENTRY com.aptana.ruby.core 4 0 2015-07-20 14:02:13.864
!MESSAGE (Build 3.6.0.201407100658) [ERROR]  Expected type decl on top of stack, but was: 

!ENTRY com.aptana.ruby.core 4 0 2015-07-20 14:02:13.865
!MESSAGE (Build 3.6.0.201407100658) [ERROR]  AST stack was empty upon exiting script, but should have contained the script.

!ENTRY com.aptana.ruby.core 4 0 2015-07-20 14:02:51.676
!MESSAGE (Build 3.6.0.201407100658) [ERROR]  Expected field decl on top of stack, but was: 

!ENTRY com.aptana.ruby.core 4 0 2015-07-20 14:02:51.677
!MESSAGE (Build 3.6.0.201407100658) [ERROR]  Expected block on top of stack, but was: normalize_indentation(str)

!ENTRY com.aptana.ruby.core 4 0 2015-07-20 14:02:51.678
!MESSAGE (Build 3.6.0.201407100658) [ERROR]  Expected method decl on top of stack, but was: CommentNode

!ENTRY com.aptana.ruby.core 4 0 2015-07-20 14:02:51.678
!MESSAGE (Build 3.6.0.201407100658) [ERROR]  Expected type decl on top of stack, but was: 

!ENTRY com.aptana.ruby.core 4 0 2015-07-20 14:02:51.679
!MESSAGE (Build 3.6.0.201407100658) [ERROR]  AST stack was empty upon exiting script, but should have contained the script.

!ENTRY com.aptana.ruby.core 4 0 2015-07-20 14:02:51.680
!MESSAGE (Build 3.6.0.201407100658) [ERROR]  Expected field decl on top of stack, but was: 

!ENTRY com.aptana.ruby.core 4 0 2015-07-20 14:02:51.681
!MESSAGE (Build 3.6.0.201407100658) [ERROR]  Expected block on top of stack, but was: normalize_indentation(str)

!ENTRY com.aptana.ruby.core 4 0 2015-07-20 14:02:51.681
!MESSAGE (Build 3.6.0.201407100658) [ERROR]  Expected method decl on top of stack, but was: CommentNode

!ENTRY com.aptana.ruby.core 4 0 2015-07-20 14:02:51.682
!MESSAGE (Build 3.6.0.201407100658) [ERROR]  Expected type decl on top of stack, but was: 

!ENTRY com.aptana.ruby.core 4 0 2015-07-20 14:02:51.683
!MESSAGE (Build 3.6.0.201407100658) [ERROR]  AST stack was empty upon exiting script, but should have contained the script.

!ENTRY com.aptana.ruby.core 4 0 2015-07-20 14:02:53.000
!MESSAGE (Build 3.6.0.201407100658) [ERROR]  Expected field decl on top of stack, but was: 

!ENTRY com.aptana.ruby.core 4 0 2015-07-20 14:02:53.001
!MESSAGE (Build 3.6.0.201407100658) [ERROR]  Expected block on top of stack, but was: Gem::Doctor

!ENTRY com.aptana.ruby.core 4 0 2015-07-20 14:02:53.001
!MESSAGE (Build 3.6.0.201407100658) [ERROR]  Expected type decl on top of stack, but was: 

!ENTRY com.aptana.ruby.core 4 0 2015-07-20 14:02:53.002
!MESSAGE (Build 3.6.0.201407100658) [ERROR]  AST stack was empty upon exiting script, but should have contained the script.

!ENTRY com.aptana.ruby.core 4 0 2015-07-20 14:02:53.003
!MESSAGE (Build 3.6.0.201407100658) [ERROR]  Expected field decl on top of stack, but was: 

!ENTRY com.aptana.ruby.core 4 0 2015-07-20 14:02:53.004
!MESSAGE (Build 3.6.0.201407100658) [ERROR]  Expected block on top of stack, but was: Gem::Doctor

!ENTRY com.aptana.ruby.core 4 0 2015-07-20 14:02:53.004
!MESSAGE (Build 3.6.0.201407100658) [ERROR]  Expected type decl on top of stack, but was: 

!ENTRY com.aptana.ruby.core 4 0 2015-07-20 14:02:53.005
!MESSAGE (Build 3.6.0.201407100658) [ERROR]  AST stack was empty upon exiting script, but should have contained the script.

!ENTRY com.aptana.ruby.core 4 0 2015-07-20 14:03:05.245
!MESSAGE (Build 3.6.0.201407100658) [ERROR]  Not supported yet.
!STACK 0
java.lang.UnsupportedOperationException: Not supported yet.
	at org.jrubyparser.ast.LambdaNode.accept(LambdaNode.java:58)
	at com.aptana.ruby.core.ast.AbstractVisitor.acceptNode(AbstractVisitor.java:37)
	at com.aptana.ruby.core.ast.InOrderVisitor.visitHashNode(InOrderVisitor.java:414)
	at org.jrubyparser.ast.HashNode.accept(HashNode.java:57)
	at com.aptana.ruby.core.ast.AbstractVisitor.acceptNode(AbstractVisitor.java:37)
	at com.aptana.ruby.core.ast.InOrderVisitor.visitCallNode(InOrderVisitor.java:193)
	at com.aptana.ruby.core.ast.SourceElementVisitor.visitCallNode(SourceElementVisitor.java:230)
	at org.jrubyparser.ast.CallNode.accept(CallNode.java:70)
	at com.aptana.ruby.core.ast.AbstractVisitor.acceptNode(AbstractVisitor.java:53)
	at com.aptana.ruby.core.ast.InOrderVisitor.visitLocalAsgnNode(InOrderVisitor.java:456)
	at com.aptana.ruby.core.ast.SourceElementVisitor.visitLocalAsgnNode(SourceElementVisitor.java:839)
	at org.jrubyparser.ast.LocalAsgnNode.accept(LocalAsgnNode.java:62)
	at com.aptana.ruby.core.ast.AbstractVisitor.acceptNode(AbstractVisitor.java:53)
	at com.aptana.ruby.core.ast.InOrderVisitor.visitIfNode(InOrderVisitor.java:438)
	at org.jrubyparser.ast.IfNode.accept(IfNode.java:65)
	at com.aptana.ruby.core.ast.AbstractVisitor.acceptNode(AbstractVisitor.java:53)
	at com.aptana.ruby.core.ast.InOrderVisitor.visitNewlineNode(InOrderVisitor.java:525)
	at org.jrubyparser.ast.NewlineNode.accept(NewlineNode.java:67)
	at com.aptana.ruby.core.ast.AbstractVisitor.acceptNode(AbstractVisitor.java:37)
	at com.aptana.ruby.core.ast.InOrderVisitor.visitDefnNode(InOrderVisitor.java:299)
	at com.aptana.ruby.core.ast.SourceElementVisitor.visitDefnNode(SourceElementVisitor.java:346)
	at org.jrubyparser.ast.DefnNode.accept(DefnNode.java:51)
	at com.aptana.ruby.core.ast.AbstractVisitor.acceptNode(AbstractVisitor.java:53)
	at com.aptana.ruby.core.ast.InOrderVisitor.visitNewlineNode(InOrderVisitor.java:525)
	at org.jrubyparser.ast.NewlineNode.accept(NewlineNode.java:67)
	at com.aptana.ruby.core.ast.AbstractVisitor.acceptNode(AbstractVisitor.java:37)
	at com.aptana.ruby.core.ast.InOrderVisitor.visitClassNode(InOrderVisitor.java:213)
	at com.aptana.ruby.core.ast.SourceElementVisitor.visitClassNode(SourceElementVisitor.java:260)
	at org.jrubyparser.ast.ClassNode.accept(ClassNode.java:68)
	at com.aptana.ruby.core.ast.AbstractVisitor.acceptNode(AbstractVisitor.java:53)
	at com.aptana.ruby.core.ast.InOrderVisitor.visitNewlineNode(InOrderVisitor.java:525)
	at org.jrubyparser.ast.NewlineNode.accept(NewlineNode.java:67)
	at com.aptana.ruby.core.ast.AbstractVisitor.acceptNode(AbstractVisitor.java:53)
	at com.aptana.ruby.core.ast.InOrderVisitor.visitRootNode(InOrderVisitor.java:668)
	at com.aptana.ruby.core.ast.SourceElementVisitor.visitRootNode(SourceElementVisitor.java:848)
	at org.jrubyparser.ast.RootNode.accept(RootNode.java:84)
	at com.aptana.ruby.core.ast.AbstractVisitor.acceptNode(AbstractVisitor.java:53)
	at com.aptana.ruby.internal.core.index.RubyFileIndexingParticipant.indexAST(RubyFileIndexingParticipant.java:73)
	at com.aptana.ruby.internal.core.index.RubyFileIndexingParticipant.indexSource(RubyFileIndexingParticipant.java:61)
	at com.aptana.ruby.internal.core.index.RubyFileIndexingParticipant.index(RubyFileIndexingParticipant.java:37)
	at com.aptana.core.internal.build.IndexBuildParticipant.buildFile(IndexBuildParticipant.java:132)
	at com.aptana.core.internal.build.LazyBuildParticipant.buildFile(LazyBuildParticipant.java:72)
	at com.aptana.core.build.UnifiedBuilder.buildFile(UnifiedBuilder.java:614)
	at com.aptana.core.build.UnifiedBuilder.doBuildFiles(UnifiedBuilder.java:525)
	at com.aptana.core.build.UnifiedBuilder.buildFiles(UnifiedBuilder.java:497)
	at com.aptana.core.build.UnifiedBuilder.fullBuild(UnifiedBuilder.java:343)
	at com.aptana.core.build.UnifiedBuilder.build(UnifiedBuilder.java:178)
	at org.eclipse.core.internal.events.BuildManager$2.run(BuildManager.java:733)
	at org.eclipse.core.runtime.SafeRunner.run(SafeRunner.java:42)
	at org.eclipse.core.internal.events.BuildManager.basicBuild(BuildManager.java:206)
	at org.eclipse.core.internal.events.BuildManager.basicBuild(BuildManager.java:246)
	at org.eclipse.core.internal.events.BuildManager$1.run(BuildManager.java:299)
	at org.eclipse.core.runtime.SafeRunner.run(SafeRunner.java:42)
	at org.eclipse.core.internal.events.BuildManager.basicBuild(BuildManager.java:302)
	at org.eclipse.core.internal.events.BuildManager.basicBuildLoop(BuildManager.java:358)
	at org.eclipse.core.internal.events.BuildManager.build(BuildManager.java:381)
	at org.eclipse.core.internal.resources.Workspace.buildInternal(Workspace.java:514)
	at org.eclipse.core.internal.resources.Workspace.build(Workspace.java:423)
	at com.aptana.js.internal.core.index.JSMetadataLoader$1.run(JSMetadataLoader.java:136)
	at org.eclipse.core.internal.jobs.Worker.run(Worker.java:53)

!ENTRY com.aptana.ruby.core 4 0 2015-07-20 14:03:16.548
!MESSAGE (Build 3.6.0.201407100658) [ERROR]  Expected field decl on top of stack, but was: 

!ENTRY com.aptana.ruby.core 4 0 2015-07-20 14:03:16.549
!MESSAGE (Build 3.6.0.201407100658) [ERROR]  Expected block on top of stack, but was: test_log_level_orders()

!ENTRY com.aptana.ruby.core 4 0 2015-07-20 14:03:16.549
!MESSAGE (Build 3.6.0.201407100658) [ERROR]  Expected method decl on top of stack, but was: LoggerTest

!ENTRY com.aptana.ruby.core 4 0 2015-07-20 14:03:16.550
!MESSAGE (Build 3.6.0.201407100658) [ERROR]  Expected type decl on top of stack, but was: 

!ENTRY com.aptana.ruby.core 4 0 2015-07-20 14:03:16.550
!MESSAGE (Build 3.6.0.201407100658) [ERROR]  AST stack was empty upon exiting script, but should have contained the script.

!ENTRY com.aptana.ruby.core 4 0 2015-07-20 14:03:16.551
!MESSAGE (Build 3.6.0.201407100658) [ERROR]  Expected field decl on top of stack, but was: 

!ENTRY com.aptana.ruby.core 4 0 2015-07-20 14:03:16.552
!MESSAGE (Build 3.6.0.201407100658) [ERROR]  Expected block on top of stack, but was: test_log_level_orders()

!ENTRY com.aptana.ruby.core 4 0 2015-07-20 14:03:16.552
!MESSAGE (Build 3.6.0.201407100658) [ERROR]  Expected method decl on top of stack, but was: LoggerTest

!ENTRY com.aptana.ruby.core 4 0 2015-07-20 14:03:16.553
!MESSAGE (Build 3.6.0.201407100658) [ERROR]  Expected type decl on top of stack, but was: 

!ENTRY com.aptana.ruby.core 4 0 2015-07-20 14:03:16.553
!MESSAGE (Build 3.6.0.201407100658) [ERROR]  AST stack was empty upon exiting script, but should have contained the script.

!ENTRY org.eclipse.core.resources 4 2 2015-07-20 14:03:43.724
!MESSAGE Problems occurred when invoking code from plug-in: "org.eclipse.core.resources".
!STACK 1
org.eclipse.core.runtime.CoreException: Variable references non-existent resource : ${workspace_loc:/2.56.0/build.xml}
	at org.eclipse.debug.internal.core.variables.WorkspaceResolver.resolveValue(WorkspaceResolver.java:56)
	at org.eclipse.core.internal.variables.DynamicVariable.getValue(DynamicVariable.java:55)
	at org.eclipse.core.internal.variables.StringSubstitutionEngine.resolve(StringSubstitutionEngine.java:270)
	at org.eclipse.core.internal.variables.StringSubstitutionEngine.substitute(StringSubstitutionEngine.java:195)
	at org.eclipse.core.internal.variables.StringSubstitutionEngine.performStringSubstitution(StringSubstitutionEngine.java:87)
	at org.eclipse.core.internal.variables.StringVariableManager.performStringSubstitution(StringVariableManager.java:574)
	at org.eclipse.core.internal.variables.StringVariableManager.performStringSubstitution(StringVariableManager.java:350)
	at org.eclipse.core.externaltools.internal.launchConfigurations.ExternalToolsCoreUtil.getLocation(ExternalToolsCoreUtil.java:73)
	at org.eclipse.ant.internal.launching.launchConfigurations.AntLaunchDelegate.launch(AntLaunchDelegate.java:155)
	at org.eclipse.debug.internal.core.LaunchConfiguration.launch(LaunchConfiguration.java:858)
	at org.eclipse.debug.internal.core.LaunchConfiguration.launch(LaunchConfiguration.java:707)
	at org.eclipse.debug.internal.core.LaunchConfiguration.launch(LaunchConfiguration.java:700)
	at org.eclipse.core.externaltools.internal.model.ExternalToolBuilder.launchBuild(ExternalToolBuilder.java:181)
	at org.eclipse.core.externaltools.internal.model.ExternalToolBuilder.doBuildBasedOnScope(ExternalToolBuilder.java:169)
	at org.eclipse.core.externaltools.internal.model.ExternalToolBuilder.build(ExternalToolBuilder.java:88)
	at org.eclipse.core.internal.events.BuildManager$2.run(BuildManager.java:733)
	at org.eclipse.core.runtime.SafeRunner.run(SafeRunner.java:42)
	at org.eclipse.core.internal.events.BuildManager.basicBuild(BuildManager.java:206)
	at org.eclipse.core.internal.events.BuildManager.basicBuild(BuildManager.java:246)
	at org.eclipse.core.internal.events.BuildManager$1.run(BuildManager.java:299)
	at org.eclipse.core.runtime.SafeRunner.run(SafeRunner.java:42)
	at org.eclipse.core.internal.events.BuildManager.basicBuild(BuildManager.java:302)
	at org.eclipse.core.internal.events.BuildManager.basicBuildLoop(BuildManager.java:358)
	at org.eclipse.core.internal.events.BuildManager.build(BuildManager.java:381)
	at org.eclipse.core.internal.resources.Workspace.buildInternal(Workspace.java:514)
	at org.eclipse.core.internal.resources.Workspace.build(Workspace.java:423)
	at com.aptana.js.internal.core.index.JSMetadataLoader$1.run(JSMetadataLoader.java:136)
	at org.eclipse.core.internal.jobs.Worker.run(Worker.java:53)
!SUBENTRY 1 org.eclipse.core.resources 4 368 2015-07-20 14:03:43.724
!MESSAGE Variable references non-existent resource : ${workspace_loc:/2.56.0/build.xml}
!SUBENTRY 1 org.eclipse.core.resources 4 368 2015-07-20 14:03:43.724
!MESSAGE Variable references non-existent resource : ${workspace_loc:/2.56.0/build.xml}

!ENTRY org.eclipse.core.resources 4 75 2015-07-20 14:03:43.735
!MESSAGE Errors occurred during the build.
!SUBENTRY 1 org.eclipse.core.externaltools 4 75 2015-07-20 14:03:43.735
!MESSAGE Errors running builder 'Integrated External Tool Builder' on project 'JoinIn'.
!STACK 1
org.eclipse.core.runtime.CoreException: Variable references non-existent resource : ${workspace_loc:/2.56.0/build.xml}
	at org.eclipse.debug.internal.core.variables.WorkspaceResolver.resolveValue(WorkspaceResolver.java:56)
	at org.eclipse.core.internal.variables.DynamicVariable.getValue(DynamicVariable.java:55)
	at org.eclipse.core.internal.variables.StringSubstitutionEngine.resolve(StringSubstitutionEngine.java:270)
	at org.eclipse.core.internal.variables.StringSubstitutionEngine.substitute(StringSubstitutionEngine.java:195)
	at org.eclipse.core.internal.variables.StringSubstitutionEngine.performStringSubstitution(StringSubstitutionEngine.java:87)
	at org.eclipse.core.internal.variables.StringVariableManager.performStringSubstitution(StringVariableManager.java:574)
	at org.eclipse.core.internal.variables.StringVariableManager.performStringSubstitution(StringVariableManager.java:350)
	at org.eclipse.core.externaltools.internal.launchConfigurations.ExternalToolsCoreUtil.getLocation(ExternalToolsCoreUtil.java:73)
	at org.eclipse.ant.internal.launching.launchConfigurations.AntLaunchDelegate.launch(AntLaunchDelegate.java:155)
	at org.eclipse.debug.internal.core.LaunchConfiguration.launch(LaunchConfiguration.java:858)
	at org.eclipse.debug.internal.core.LaunchConfiguration.launch(LaunchConfiguration.java:707)
	at org.eclipse.debug.internal.core.LaunchConfiguration.launch(LaunchConfiguration.java:700)
	at org.eclipse.core.externaltools.internal.model.ExternalToolBuilder.launchBuild(ExternalToolBuilder.java:181)
	at org.eclipse.core.externaltools.internal.model.ExternalToolBuilder.doBuildBasedOnScope(ExternalToolBuilder.java:169)
	at org.eclipse.core.externaltools.internal.model.ExternalToolBuilder.build(ExternalToolBuilder.java:88)
	at org.eclipse.core.internal.events.BuildManager$2.run(BuildManager.java:733)
	at org.eclipse.core.runtime.SafeRunner.run(SafeRunner.java:42)
	at org.eclipse.core.internal.events.BuildManager.basicBuild(BuildManager.java:206)
	at org.eclipse.core.internal.events.BuildManager.basicBuild(BuildManager.java:246)
	at org.eclipse.core.internal.events.BuildManager$1.run(BuildManager.java:299)
	at org.eclipse.core.runtime.SafeRunner.run(SafeRunner.java:42)
	at org.eclipse.core.internal.events.BuildManager.basicBuild(BuildManager.java:302)
	at org.eclipse.core.internal.events.BuildManager.basicBuildLoop(BuildManager.java:358)
	at org.eclipse.core.internal.events.BuildManager.build(BuildManager.java:381)
	at org.eclipse.core.internal.resources.Workspace.buildInternal(Workspace.java:514)
	at org.eclipse.core.internal.resources.Workspace.build(Workspace.java:423)
	at com.aptana.js.internal.core.index.JSMetadataLoader$1.run(JSMetadataLoader.java:136)
	at org.eclipse.core.internal.jobs.Worker.run(Worker.java:53)
!SUBENTRY 2 org.eclipse.core.resources 4 368 2015-07-20 14:03:43.735
!MESSAGE Variable references non-existent resource : ${workspace_loc:/2.56.0/build.xml}
!SUBENTRY 1 org.eclipse.core.resources 4 368 2015-07-20 14:03:43.735
!MESSAGE Variable references non-existent resource : ${workspace_loc:/2.56.0/build.xml}
!SESSION 2015-07-20 14:08:17.909 -----------------------------------------------
eclipse.buildId=3.6.0.201407100658
java.version=1.8.0_40
java.vendor=Oracle Corporation
BootLoader constants: OS=win32, ARCH=x86, WS=win32, NL=en_US
Command-line arguments:  -os win32 -ws win32 -arch x86 -data C:\Aptana Studio 3  July 2015

!ENTRY com.aptana.ruby.core 4 0 2015-07-20 14:09:09.527
!MESSAGE Cannot run program "ruby": CreateProcess error=2, The system cannot find the file specified

!ENTRY com.aptana.ruby.core 4 0 2015-07-20 14:09:17.292
!MESSAGE (Build 3.6.0.201407100658) [ERROR]  Expected field decl on top of stack, but was: 

!ENTRY com.aptana.ruby.core 4 0 2015-07-20 14:09:17.293
!MESSAGE (Build 3.6.0.201407100658) [ERROR]  Expected block on top of stack, but was: find_real_file(dir, name, options)

!ENTRY com.aptana.ruby.core 4 0 2015-07-20 14:09:17.294
!MESSAGE (Build 3.6.0.201407100658) [ERROR]  Expected field decl on top of stack, but was: 

!ENTRY com.aptana.ruby.core 4 0 2015-07-20 14:09:17.295
!MESSAGE (Build 3.6.0.201407100658) [ERROR]  Expected block on top of stack, but was: Filesystem

!ENTRY com.aptana.ruby.core 4 0 2015-07-20 14:09:17.295
!MESSAGE (Build 3.6.0.201407100658) [ERROR]  Expected field decl on top of stack, but was: 

!ENTRY com.aptana.ruby.core 4 0 2015-07-20 14:09:17.296
!MESSAGE (Build 3.6.0.201407100658) [ERROR]  Expected block on top of stack, but was: Importers

!ENTRY com.aptana.ruby.core 4 0 2015-07-20 14:09:17.296
!MESSAGE (Build 3.6.0.201407100658) [ERROR]  Expected method decl on top of stack, but was: Sass

!ENTRY com.aptana.ruby.core 4 0 2015-07-20 14:09:17.297
!MESSAGE (Build 3.6.0.201407100658) [ERROR]  Expected type decl on top of stack, but was: 

!ENTRY com.aptana.ruby.core 4 0 2015-07-20 14:09:17.298
!MESSAGE (Build 3.6.0.201407100658) [ERROR]  AST stack was empty upon exiting type declaration, but should have contained the type.

!ENTRY com.aptana.ruby.core 4 0 2015-07-20 14:09:17.298
!MESSAGE (Build 3.6.0.201407100658) [ERROR]  AST stack was empty upon exiting type declaration, but should have contained the type.

!ENTRY com.aptana.ruby.core 4 0 2015-07-20 14:09:17.299
!MESSAGE (Build 3.6.0.201407100658) [ERROR]  AST stack was empty upon exiting script, but should have contained the script.

!ENTRY com.aptana.ruby.core 4 0 2015-07-20 14:09:18.222
!MESSAGE (Build 3.6.0.201407100658) [ERROR]  Expected field decl on top of stack, but was: 

!ENTRY com.aptana.ruby.core 4 0 2015-07-20 14:09:18.223
!MESSAGE (Build 3.6.0.201407100658) [ERROR]  Expected block on top of stack, but was: output_query_results(spec_tuples)

!ENTRY com.aptana.ruby.core 4 0 2015-07-20 14:09:18.224
!MESSAGE (Build 3.6.0.201407100658) [ERROR]  Expected method decl on top of stack, but was: Gem::Commands::QueryCommand

!ENTRY com.aptana.ruby.core 4 0 2015-07-20 14:09:18.225
!MESSAGE (Build 3.6.0.201407100658) [ERROR]  Expected type decl on top of stack, but was: 

!ENTRY com.aptana.ruby.core 4 0 2015-07-20 14:09:18.226
!MESSAGE (Build 3.6.0.201407100658) [ERROR]  AST stack was empty upon exiting script, but should have contained the script.

!ENTRY com.aptana.ruby.core 4 0 2015-07-20 14:09:18.253
!MESSAGE (Build 3.6.0.201407100658) [ERROR]  Expected field decl on top of stack, but was: 

!ENTRY com.aptana.ruby.core 4 0 2015-07-20 14:09:18.254
!MESSAGE (Build 3.6.0.201407100658) [ERROR]  Expected block on top of stack, but was: perform_arguments(callable, args, keywords, splat)

!ENTRY com.aptana.ruby.core 4 0 2015-07-20 14:09:18.254
!MESSAGE (Build 3.6.0.201407100658) [ERROR]  Expected method decl on top of stack, but was: Sass::Tree::Visitors::Perform

!ENTRY com.aptana.ruby.core 4 0 2015-07-20 14:09:18.255
!MESSAGE (Build 3.6.0.201407100658) [ERROR]  Expected field decl on top of stack, but was: 

!ENTRY com.aptana.ruby.core 4 0 2015-07-20 14:09:18.256
!MESSAGE (Build 3.6.0.201407100658) [ERROR]  Expected block on top of stack, but was: stack_trace()

!ENTRY com.aptana.ruby.core 4 0 2015-07-20 14:09:18.256
!MESSAGE (Build 3.6.0.201407100658) [ERROR]  Expected method decl on top of stack, but was: 

!ENTRY com.aptana.ruby.core 4 0 2015-07-20 14:09:18.257
!MESSAGE (Build 3.6.0.201407100658) [ERROR]  AST stack was empty upon exiting type declaration, but should have contained the type.

!ENTRY com.aptana.ruby.core 4 0 2015-07-20 14:09:18.257
!MESSAGE (Build 3.6.0.201407100658) [ERROR]  AST stack was empty upon exiting script, but should have contained the script.

!ENTRY com.aptana.ruby.core 4 0 2015-07-20 14:09:20.475
!MESSAGE (Build 3.6.0.201407100658) [ERROR]  Expected field decl on top of stack, but was: 

!ENTRY com.aptana.ruby.core 4 0 2015-07-20 14:09:20.476
!MESSAGE (Build 3.6.0.201407100658) [ERROR]  Expected block on top of stack, but was: adjust_color(color, kwargs)

!ENTRY com.aptana.ruby.core 4 0 2015-07-20 14:09:20.477
!MESSAGE (Build 3.6.0.201407100658) [ERROR]  Expected method decl on top of stack, but was: Functions

!ENTRY com.aptana.ruby.core 4 0 2015-07-20 14:09:20.478
!MESSAGE (Build 3.6.0.201407100658) [ERROR]  Expected type decl on top of stack, but was: 

!ENTRY com.aptana.ruby.core 4 0 2015-07-20 14:09:20.478
!MESSAGE (Build 3.6.0.201407100658) [ERROR]  AST stack was empty upon exiting script, but should have contained the script.

!ENTRY com.aptana.ruby.core 4 0 2015-07-20 14:09:21.091
!MESSAGE (Build 3.6.0.201407100658) [ERROR]  Expected field decl on top of stack, but was: 

!ENTRY com.aptana.ruby.core 4 0 2015-07-20 14:09:21.092
!MESSAGE (Build 3.6.0.201407100658) [ERROR]  Expected block on top of stack, but was: compact_specs(specs)

!ENTRY com.aptana.ruby.core 4 0 2015-07-20 14:09:21.092
!MESSAGE (Build 3.6.0.201407100658) [ERROR]  Expected method decl on top of stack, but was: Gem::Indexer

!ENTRY com.aptana.ruby.core 4 0 2015-07-20 14:09:21.093
!MESSAGE (Build 3.6.0.201407100658) [ERROR]  Expected type decl on top of stack, but was: 

!ENTRY com.aptana.ruby.core 4 0 2015-07-20 14:09:21.094
!MESSAGE (Build 3.6.0.201407100658) [ERROR]  AST stack was empty upon exiting script, but should have contained the script.

!ENTRY com.aptana.ruby.core 4 0 2015-07-20 14:09:21.875
!MESSAGE (Build 3.6.0.201407100658) [ERROR]  Expected field decl on top of stack, but was: 

!ENTRY com.aptana.ruby.core 4 0 2015-07-20 14:09:21.876
!MESSAGE (Build 3.6.0.201407100658) [ERROR]  Expected block on top of stack, but was: define()

!ENTRY com.aptana.ruby.core 4 0 2015-07-20 14:09:21.876
!MESSAGE (Build 3.6.0.201407100658) [ERROR]  Expected method decl on top of stack, but was: PackageTask

!ENTRY com.aptana.ruby.core 4 0 2015-07-20 14:09:21.877
!MESSAGE (Build 3.6.0.201407100658) [ERROR]  Expected type decl on top of stack, but was: 

!ENTRY com.aptana.ruby.core 4 0 2015-07-20 14:09:21.877
!MESSAGE (Build 3.6.0.201407100658) [ERROR]  AST stack was empty upon exiting script, but should have contained the script.

!ENTRY com.aptana.ruby.core 4 0 2015-07-20 14:09:22.293
!MESSAGE (Build 3.6.0.201407100658) [ERROR]  Expected field decl on top of stack, but was: 

!ENTRY com.aptana.ruby.core 4 0 2015-07-20 14:09:22.293
!MESSAGE (Build 3.6.0.201407100658) [ERROR]  Expected block on top of stack, but was: inject_values(str, values)

!ENTRY com.aptana.ruby.core 4 0 2015-07-20 14:09:22.294
!MESSAGE (Build 3.6.0.201407100658) [ERROR]  Expected method decl on top of stack, but was: Util

!ENTRY com.aptana.ruby.core 4 0 2015-07-20 14:09:22.295
!MESSAGE (Build 3.6.0.201407100658) [ERROR]  Expected type decl on top of stack, but was: 

!ENTRY com.aptana.ruby.core 4 0 2015-07-20 14:09:22.295
!MESSAGE (Build 3.6.0.201407100658) [ERROR]  AST stack was empty upon exiting script, but should have contained the script.

!ENTRY com.aptana.ruby.core 4 0 2015-07-20 14:09:23.658
!MESSAGE (Build 3.6.0.201407100658) [ERROR]  Expected field decl on top of stack, but was: 

!ENTRY com.aptana.ruby.core 4 0 2015-07-20 14:09:23.658
!MESSAGE (Build 3.6.0.201407100658) [ERROR]  Expected block on top of stack, but was: download_to_cache(dependency)

!ENTRY com.aptana.ruby.core 4 0 2015-07-20 14:09:23.659
!MESSAGE (Build 3.6.0.201407100658) [ERROR]  Expected method decl on top of stack, but was: Gem::RemoteFetcher

!ENTRY com.aptana.ruby.core 4 0 2015-07-20 14:09:23.660
!MESSAGE (Build 3.6.0.201407100658) [ERROR]  Expected type decl on top of stack, but was: 

!ENTRY com.aptana.ruby.core 4 0 2015-07-20 14:09:23.661
!MESSAGE (Build 3.6.0.201407100658) [ERROR]  AST stack was empty upon exiting script, but should have contained the script.

!ENTRY com.aptana.ruby.core 4 0 2015-07-20 14:09:23.674
!MESSAGE (Build 3.6.0.201407100658) [ERROR]  Expected field decl on top of stack, but was: 

!ENTRY com.aptana.ruby.core 4 0 2015-07-20 14:09:23.675
!MESSAGE (Build 3.6.0.201407100658) [ERROR]  Expected block on top of stack, but was: add_comment(comment, location)

!ENTRY com.aptana.ruby.core 4 0 2015-07-20 14:09:23.675
!MESSAGE (Build 3.6.0.201407100658) [ERROR]  Expected method decl on top of stack, but was: RDoc::ClassModule

!ENTRY com.aptana.ruby.core 4 0 2015-07-20 14:09:23.676
!MESSAGE (Build 3.6.0.201407100658) [ERROR]  Expected type decl on top of stack, but was: 

!ENTRY com.aptana.ruby.core 4 0 2015-07-20 14:09:23.677
!MESSAGE (Build 3.6.0.201407100658) [ERROR]  AST stack was empty upon exiting script, but should have contained the script.

!ENTRY com.aptana.ruby.core 4 0 2015-07-20 14:09:24.160
!MESSAGE (Build 3.6.0.201407100658) [ERROR]  Expected field decl on top of stack, but was: 

!ENTRY com.aptana.ruby.core 4 0 2015-07-20 14:09:24.160
!MESSAGE (Build 3.6.0.201407100658) [ERROR]  Expected block on top of stack, but was: special_fun()

!ENTRY com.aptana.ruby.core 4 0 2015-07-20 14:09:24.161
!MESSAGE (Build 3.6.0.201407100658) [ERROR]  Expected method decl on top of stack, but was: Parser

!ENTRY com.aptana.ruby.core 4 0 2015-07-20 14:09:24.161
!MESSAGE (Build 3.6.0.201407100658) [ERROR]  Expected type decl on top of stack, but was: 

!ENTRY com.aptana.ruby.core 4 0 2015-07-20 14:09:24.162
!MESSAGE (Build 3.6.0.201407100658) [ERROR]  AST stack was empty upon exiting script, but should have contained the script.

!ENTRY com.aptana.ruby.core 4 0 2015-07-20 14:09:25.752
!MESSAGE (Build 3.6.0.201407100658) [ERROR]  Expected field decl on top of stack, but was: 

!ENTRY com.aptana.ruby.core 4 0 2015-07-20 14:09:25.752
!MESSAGE (Build 3.6.0.201407100658) [ERROR]  Expected block on top of stack, but was: hash()

!ENTRY com.aptana.ruby.core 4 0 2015-07-20 14:09:25.753
!MESSAGE (Build 3.6.0.201407100658) [ERROR]  Expected method decl on top of stack, but was: Gem::Specification

!ENTRY com.aptana.ruby.core 4 0 2015-07-20 14:09:25.754
!MESSAGE (Build 3.6.0.201407100658) [ERROR]  Expected type decl on top of stack, but was: 

!ENTRY com.aptana.ruby.core 4 0 2015-07-20 14:09:25.755
!MESSAGE (Build 3.6.0.201407100658) [ERROR]  AST stack was empty upon exiting script, but should have contained the script.

!ENTRY com.aptana.ruby.core 4 0 2015-07-20 14:09:26.294
!MESSAGE (Build 3.6.0.201407100658) [ERROR]  Expected field decl on top of stack, but was: 

!ENTRY com.aptana.ruby.core 4 0 2015-07-20 14:09:26.295
!MESSAGE (Build 3.6.0.201407100658) [ERROR]  Expected block on top of stack, but was: parse_entries()

!ENTRY com.aptana.ruby.core 4 0 2015-07-20 14:09:26.296
!MESSAGE (Build 3.6.0.201407100658) [ERROR]  Expected method decl on top of stack, but was: RDoc::Parser::ChangeLog

!ENTRY com.aptana.ruby.core 4 0 2015-07-20 14:09:26.296
!MESSAGE (Build 3.6.0.201407100658) [ERROR]  Expected type decl on top of stack, but was: 

!ENTRY com.aptana.ruby.core 4 0 2015-07-20 14:09:26.297
!MESSAGE (Build 3.6.0.201407100658) [ERROR]  AST stack was empty upon exiting script, but should have contained the script.

!ENTRY com.aptana.ruby.core 4 0 2015-07-20 14:09:31.330
!MESSAGE (Build 3.6.0.201407100658) [ERROR]  Expected field decl on top of stack, but was: 

!ENTRY com.aptana.ruby.core 4 0 2015-07-20 14:09:31.331
!MESSAGE (Build 3.6.0.201407100658) [ERROR]  Expected block on top of stack, but was: test_log_level_orders()

!ENTRY com.aptana.ruby.core 4 0 2015-07-20 14:09:31.331
!MESSAGE (Build 3.6.0.201407100658) [ERROR]  Expected method decl on top of stack, but was: LoggerTest

!ENTRY com.aptana.ruby.core 4 0 2015-07-20 14:09:31.332
!MESSAGE (Build 3.6.0.201407100658) [ERROR]  Expected type decl on top of stack, but was: 

!ENTRY com.aptana.ruby.core 4 0 2015-07-20 14:09:31.332
!MESSAGE (Build 3.6.0.201407100658) [ERROR]  AST stack was empty upon exiting script, but should have contained the script.

!ENTRY com.aptana.ruby.core 4 0 2015-07-20 14:09:31.333
!MESSAGE (Build 3.6.0.201407100658) [ERROR]  Expected field decl on top of stack, but was: 

!ENTRY com.aptana.ruby.core 4 0 2015-07-20 14:09:31.334
!MESSAGE (Build 3.6.0.201407100658) [ERROR]  Expected block on top of stack, but was: test_log_level_orders()

!ENTRY com.aptana.ruby.core 4 0 2015-07-20 14:09:31.334
!MESSAGE (Build 3.6.0.201407100658) [ERROR]  Expected method decl on top of stack, but was: LoggerTest

!ENTRY com.aptana.ruby.core 4 0 2015-07-20 14:09:31.335
!MESSAGE (Build 3.6.0.201407100658) [ERROR]  Expected type decl on top of stack, but was: 

!ENTRY com.aptana.ruby.core 4 0 2015-07-20 14:09:31.335
!MESSAGE (Build 3.6.0.201407100658) [ERROR]  AST stack was empty upon exiting script, but should have contained the script.

!ENTRY com.aptana.ruby.core 4 0 2015-07-20 14:09:31.799
!MESSAGE (Build 3.6.0.201407100658) [ERROR]  Expected field decl on top of stack, but was: 

!ENTRY com.aptana.ruby.core 4 0 2015-07-20 14:09:31.800
!MESSAGE (Build 3.6.0.201407100658) [ERROR]  Expected block on top of stack, but was: parse(argv)

!ENTRY com.aptana.ruby.core 4 0 2015-07-20 14:09:31.801
!MESSAGE (Build 3.6.0.201407100658) [ERROR]  Expected method decl on top of stack, but was: RDoc::Options

!ENTRY com.aptana.ruby.core 4 0 2015-07-20 14:09:31.801
!MESSAGE (Build 3.6.0.201407100658) [ERROR]  Expected type decl on top of stack, but was: 

!ENTRY com.aptana.ruby.core 4 0 2015-07-20 14:09:31.802
!MESSAGE (Build 3.6.0.201407100658) [ERROR]  AST stack was empty upon exiting script, but should have contained the script.

!ENTRY com.aptana.ruby.core 4 0 2015-07-20 14:09:34.104
!MESSAGE (Build 3.6.0.201407100658) [ERROR]  Expected field decl on top of stack, but was: 

!ENTRY com.aptana.ruby.core 4 0 2015-07-20 14:09:34.105
!MESSAGE (Build 3.6.0.201407100658) [ERROR]  Expected block on top of stack, but was: Gem::Doctor

!ENTRY com.aptana.ruby.core 4 0 2015-07-20 14:09:34.106
!MESSAGE (Build 3.6.0.201407100658) [ERROR]  Expected type decl on top of stack, but was: 

!ENTRY com.aptana.ruby.core 4 0 2015-07-20 14:09:34.106
!MESSAGE (Build 3.6.0.201407100658) [ERROR]  AST stack was empty upon exiting script, but should have contained the script.

!ENTRY com.aptana.ruby.core 4 0 2015-07-20 14:09:34.107
!MESSAGE (Build 3.6.0.201407100658) [ERROR]  Expected field decl on top of stack, but was: 

!ENTRY com.aptana.ruby.core 4 0 2015-07-20 14:09:34.108
!MESSAGE (Build 3.6.0.201407100658) [ERROR]  Expected block on top of stack, but was: Gem::Doctor

!ENTRY com.aptana.ruby.core 4 0 2015-07-20 14:09:34.108
!MESSAGE (Build 3.6.0.201407100658) [ERROR]  Expected type decl on top of stack, but was: 

!ENTRY com.aptana.ruby.core 4 0 2015-07-20 14:09:34.109
!MESSAGE (Build 3.6.0.201407100658) [ERROR]  AST stack was empty upon exiting script, but should have contained the script.

!ENTRY com.aptana.ruby.core 4 0 2015-07-20 14:09:36.791
!MESSAGE (Build 3.6.0.201407100658) [ERROR]  Expected field decl on top of stack, but was: 

!ENTRY com.aptana.ruby.core 4 0 2015-07-20 14:09:36.791
!MESSAGE (Build 3.6.0.201407100658) [ERROR]  Expected block on top of stack, but was: gemdirs()

!ENTRY com.aptana.ruby.core 4 0 2015-07-20 14:09:36.792
!MESSAGE (Build 3.6.0.201407100658) [ERROR]  Expected method decl on top of stack, but was: RDoc::RI::Paths

!ENTRY com.aptana.ruby.core 4 0 2015-07-20 14:09:36.792
!MESSAGE (Build 3.6.0.201407100658) [ERROR]  Expected type decl on top of stack, but was: 

!ENTRY com.aptana.ruby.core 4 0 2015-07-20 14:09:36.793
!MESSAGE (Build 3.6.0.201407100658) [ERROR]  AST stack was empty upon exiting script, but should have contained the script.

!ENTRY com.aptana.ruby.core 4 0 2015-07-20 14:09:37.628
!MESSAGE (Build 3.6.0.201407100658) [ERROR]  Expected field decl on top of stack, but was: 

!ENTRY com.aptana.ruby.core 4 0 2015-07-20 14:09:37.629
!MESSAGE (Build 3.6.0.201407100658) [ERROR]  Expected block on top of stack, but was: _run_anything(type)

!ENTRY com.aptana.ruby.core 4 0 2015-07-20 14:09:37.630
!MESSAGE (Build 3.6.0.201407100658) [ERROR]  Expected field decl on top of stack, but was: 

!ENTRY com.aptana.ruby.core 4 0 2015-07-20 14:09:37.630
!MESSAGE (Build 3.6.0.201407100658) [ERROR]  Expected block on top of stack, but was: Unit

!ENTRY com.aptana.ruby.core 4 0 2015-07-20 14:09:37.631
!MESSAGE (Build 3.6.0.201407100658) [ERROR]  Expected method decl on top of stack, but was: MiniTest

!ENTRY com.aptana.ruby.core 4 0 2015-07-20 14:09:37.631
!MESSAGE (Build 3.6.0.201407100658) [ERROR]  Expected type decl on top of stack, but was: 

!ENTRY com.aptana.ruby.core 4 0 2015-07-20 14:09:37.632
!MESSAGE (Build 3.6.0.201407100658) [ERROR]  AST stack was empty upon exiting type declaration, but should have contained the type.

!ENTRY com.aptana.ruby.core 4 0 2015-07-20 14:09:37.680
!MESSAGE (Build 3.6.0.201407100658) [ERROR]  Expected field decl on top of stack, but was: 

!ENTRY com.aptana.ruby.core 4 0 2015-07-20 14:09:37.681
!MESSAGE (Build 3.6.0.201407100658) [ERROR]  Expected block on top of stack, but was: bmbm()

!ENTRY com.aptana.ruby.core 4 0 2015-07-20 14:09:37.681
!MESSAGE (Build 3.6.0.201407100658) [ERROR]  Expected method decl on top of stack, but was: Benchmark

!ENTRY com.aptana.ruby.core 4 0 2015-07-20 14:09:37.682
!MESSAGE (Build 3.6.0.201407100658) [ERROR]  Expected type decl on top of stack, but was: 

!ENTRY com.aptana.ruby.core 4 0 2015-07-20 14:09:37.737
!MESSAGE (Build 3.6.0.201407100658) [ERROR]  Expected field decl on top of stack, but was: 

!ENTRY com.aptana.ruby.core 4 0 2015-07-20 14:09:37.738
!MESSAGE (Build 3.6.0.201407100658) [ERROR]  Expected block on top of stack, but was: int_from_prime_division(pd)

!ENTRY com.aptana.ruby.core 4 0 2015-07-20 14:09:37.738
!MESSAGE (Build 3.6.0.201407100658) [ERROR]  Expected method decl on top of stack, but was: Prime

!ENTRY com.aptana.ruby.core 4 0 2015-07-20 14:09:37.739
!MESSAGE (Build 3.6.0.201407100658) [ERROR]  Expected type decl on top of stack, but was: 

!ENTRY com.aptana.ruby.core 4 0 2015-07-20 14:09:37.740
!MESSAGE (Build 3.6.0.201407100658) [ERROR]  AST stack was empty upon exiting script, but should have contained the script.

!ENTRY com.aptana.ruby.core 4 0 2015-07-20 14:09:38.351
!MESSAGE (Build 3.6.0.201407100658) [ERROR]  Not supported yet.
!STACK 0
java.lang.UnsupportedOperationException: Not supported yet.
	at org.jrubyparser.ast.LambdaNode.accept(LambdaNode.java:58)
	at com.aptana.ruby.core.ast.AbstractVisitor.acceptNode(AbstractVisitor.java:37)
	at com.aptana.ruby.core.ast.InOrderVisitor.visitHashNode(InOrderVisitor.java:414)
	at org.jrubyparser.ast.HashNode.accept(HashNode.java:57)
	at com.aptana.ruby.core.ast.AbstractVisitor.acceptNode(AbstractVisitor.java:37)
	at com.aptana.ruby.core.ast.InOrderVisitor.visitCallNode(InOrderVisitor.java:193)
	at com.aptana.ruby.core.ast.SourceElementVisitor.visitCallNode(SourceElementVisitor.java:230)
	at org.jrubyparser.ast.CallNode.accept(CallNode.java:70)
	at com.aptana.ruby.core.ast.AbstractVisitor.acceptNode(AbstractVisitor.java:53)
	at com.aptana.ruby.core.ast.InOrderVisitor.visitLocalAsgnNode(InOrderVisitor.java:456)
	at com.aptana.ruby.core.ast.SourceElementVisitor.visitLocalAsgnNode(SourceElementVisitor.java:839)
	at org.jrubyparser.ast.LocalAsgnNode.accept(LocalAsgnNode.java:62)
	at com.aptana.ruby.core.ast.AbstractVisitor.acceptNode(AbstractVisitor.java:53)
	at com.aptana.ruby.core.ast.InOrderVisitor.visitIfNode(InOrderVisitor.java:438)
	at org.jrubyparser.ast.IfNode.accept(IfNode.java:65)
	at com.aptana.ruby.core.ast.AbstractVisitor.acceptNode(AbstractVisitor.java:53)
	at com.aptana.ruby.core.ast.InOrderVisitor.visitNewlineNode(InOrderVisitor.java:525)
	at org.jrubyparser.ast.NewlineNode.accept(NewlineNode.java:67)
	at com.aptana.ruby.core.ast.AbstractVisitor.acceptNode(AbstractVisitor.java:37)
	at com.aptana.ruby.core.ast.InOrderVisitor.visitDefnNode(InOrderVisitor.java:299)
	at com.aptana.ruby.core.ast.SourceElementVisitor.visitDefnNode(SourceElementVisitor.java:346)
	at org.jrubyparser.ast.DefnNode.accept(DefnNode.java:51)
	at com.aptana.ruby.core.ast.AbstractVisitor.acceptNode(AbstractVisitor.java:53)
	at com.aptana.ruby.core.ast.InOrderVisitor.visitNewlineNode(InOrderVisitor.java:525)
	at org.jrubyparser.ast.NewlineNode.accept(NewlineNode.java:67)
	at com.aptana.ruby.core.ast.AbstractVisitor.acceptNode(AbstractVisitor.java:37)
	at com.aptana.ruby.core.ast.InOrderVisitor.visitClassNode(InOrderVisitor.java:213)
	at com.aptana.ruby.core.ast.SourceElementVisitor.visitClassNode(SourceElementVisitor.java:260)
	at org.jrubyparser.ast.ClassNode.accept(ClassNode.java:68)
	at com.aptana.ruby.core.ast.AbstractVisitor.acceptNode(AbstractVisitor.java:53)
	at com.aptana.ruby.core.ast.InOrderVisitor.visitNewlineNode(InOrderVisitor.java:525)
	at org.jrubyparser.ast.NewlineNode.accept(NewlineNode.java:67)
	at com.aptana.ruby.core.ast.AbstractVisitor.acceptNode(AbstractVisitor.java:53)
	at com.aptana.ruby.core.ast.InOrderVisitor.visitRootNode(InOrderVisitor.java:668)
	at com.aptana.ruby.core.ast.SourceElementVisitor.visitRootNode(SourceElementVisitor.java:848)
	at org.jrubyparser.ast.RootNode.accept(RootNode.java:84)
	at com.aptana.ruby.core.ast.AbstractVisitor.acceptNode(AbstractVisitor.java:53)
	at com.aptana.ruby.internal.core.index.RubyFileIndexingParticipant.indexAST(RubyFileIndexingParticipant.java:73)
	at com.aptana.ruby.internal.core.index.RubyFileIndexingParticipant.indexSource(RubyFileIndexingParticipant.java:61)
	at com.aptana.ruby.internal.core.index.RubyFileIndexingParticipant.index(RubyFileIndexingParticipant.java:37)
	at com.aptana.core.internal.build.IndexBuildParticipant.buildFile(IndexBuildParticipant.java:132)
	at com.aptana.core.internal.build.LazyBuildParticipant.buildFile(LazyBuildParticipant.java:72)
	at com.aptana.core.build.UnifiedBuilder.buildFile(UnifiedBuilder.java:614)
	at com.aptana.core.build.UnifiedBuilder.doBuildFiles(UnifiedBuilder.java:525)
	at com.aptana.core.build.UnifiedBuilder.buildFiles(UnifiedBuilder.java:497)
	at com.aptana.core.build.UnifiedBuilder.fullBuild(UnifiedBuilder.java:343)
	at com.aptana.core.build.UnifiedBuilder.build(UnifiedBuilder.java:178)
	at org.eclipse.core.internal.events.BuildManager$2.run(BuildManager.java:733)
	at org.eclipse.core.runtime.SafeRunner.run(SafeRunner.java:42)
	at org.eclipse.core.internal.events.BuildManager.basicBuild(BuildManager.java:206)
	at org.eclipse.core.internal.events.BuildManager.basicBuild(BuildManager.java:246)
	at org.eclipse.core.internal.events.BuildManager$1.run(BuildManager.java:299)
	at org.eclipse.core.runtime.SafeRunner.run(SafeRunner.java:42)
	at org.eclipse.core.internal.events.BuildManager.basicBuild(BuildManager.java:302)
	at org.eclipse.core.internal.events.BuildManager.basicBuildLoop(BuildManager.java:358)
	at org.eclipse.core.internal.events.BuildManager.build(BuildManager.java:381)
	at org.eclipse.core.internal.events.AutoBuildJob.doBuild(AutoBuildJob.java:143)
	at org.eclipse.core.internal.events.AutoBuildJob.run(AutoBuildJob.java:241)
	at org.eclipse.core.internal.jobs.Worker.run(Worker.java:53)

!ENTRY com.aptana.ruby.core 4 0 2015-07-20 14:09:40.739
!MESSAGE (Build 3.6.0.201407100658) [ERROR]  Expected field decl on top of stack, but was: 

!ENTRY com.aptana.ruby.core 4 0 2015-07-20 14:09:40.740
!MESSAGE (Build 3.6.0.201407100658) [ERROR]  Expected block on top of stack, but was: update_gems(gems_to_update)

!ENTRY com.aptana.ruby.core 4 0 2015-07-20 14:09:40.740
!MESSAGE (Build 3.6.0.201407100658) [ERROR]  Expected method decl on top of stack, but was: Gem::Commands::UpdateCommand

!ENTRY com.aptana.ruby.core 4 0 2015-07-20 14:09:40.741
!MESSAGE (Build 3.6.0.201407100658) [ERROR]  Expected type decl on top of stack, but was: 

!ENTRY com.aptana.ruby.core 4 0 2015-07-20 14:09:40.741
!MESSAGE (Build 3.6.0.201407100658) [ERROR]  AST stack was empty upon exiting script, but should have contained the script.

!ENTRY com.aptana.ruby.core 4 0 2015-07-20 14:09:40.829
!MESSAGE (Build 3.6.0.201407100658) [ERROR]  Expected field decl on top of stack, but was: 

!ENTRY com.aptana.ruby.core 4 0 2015-07-20 14:09:40.830
!MESSAGE (Build 3.6.0.201407100658) [ERROR]  Expected block on top of stack, but was: map_dir(dir)

!ENTRY com.aptana.ruby.core 4 0 2015-07-20 14:09:40.831
!MESSAGE (Build 3.6.0.201407100658) [ERROR]  Expected method decl on top of stack, but was: MakeMakefile

!ENTRY com.aptana.ruby.core 4 0 2015-07-20 14:09:40.832
!MESSAGE (Build 3.6.0.201407100658) [ERROR]  Expected field decl on top of stack, but was: 

!ENTRY com.aptana.ruby.core 4 0 2015-07-20 14:09:40.832
!MESSAGE (Build 3.6.0.201407100658) [ERROR]  Expected block on top of stack, but was: checking_message(target)

!ENTRY com.aptana.ruby.core 4 0 2015-07-20 14:09:40.833
!MESSAGE (Build 3.6.0.201407100658) [ERROR]  Expected method decl on top of stack, but was: 

!ENTRY com.aptana.ruby.core 4 0 2015-07-20 14:09:40.849
!MESSAGE (Build 3.6.0.201407100658) [ERROR]  Expected field decl on top of stack, but was: 

!ENTRY com.aptana.ruby.core 4 0 2015-07-20 14:09:40.850
!MESSAGE (Build 3.6.0.201407100658) [ERROR]  Expected block on top of stack, but was: normalize_indentation(str)

!ENTRY com.aptana.ruby.core 4 0 2015-07-20 14:09:40.850
!MESSAGE (Build 3.6.0.201407100658) [ERROR]  Expected method decl on top of stack, but was: CommentNode

!ENTRY com.aptana.ruby.core 4 0 2015-07-20 14:09:40.851
!MESSAGE (Build 3.6.0.201407100658) [ERROR]  Expected type decl on top of stack, but was: 

!ENTRY com.aptana.ruby.core 4 0 2015-07-20 14:09:40.852
!MESSAGE (Build 3.6.0.201407100658) [ERROR]  AST stack was empty upon exiting script, but should have contained the script.

!ENTRY com.aptana.ruby.core 4 0 2015-07-20 14:09:40.853
!MESSAGE (Build 3.6.0.201407100658) [ERROR]  Expected field decl on top of stack, but was: 

!ENTRY com.aptana.ruby.core 4 0 2015-07-20 14:09:40.853
!MESSAGE (Build 3.6.0.201407100658) [ERROR]  Expected block on top of stack, but was: normalize_indentation(str)

!ENTRY com.aptana.ruby.core 4 0 2015-07-20 14:09:40.854
!MESSAGE (Build 3.6.0.201407100658) [ERROR]  Expected method decl on top of stack, but was: CommentNode

!ENTRY com.aptana.ruby.core 4 0 2015-07-20 14:09:40.854
!MESSAGE (Build 3.6.0.201407100658) [ERROR]  Expected type decl on top of stack, but was: 

!ENTRY com.aptana.ruby.core 4 0 2015-07-20 14:09:40.855
!MESSAGE (Build 3.6.0.201407100658) [ERROR]  AST stack was empty upon exiting script, but should have contained the script.

!ENTRY org.eclipse.ant.launching 4 0 2015-07-20 14:44:30.901
!MESSAGE Ant Build Failed
!STACK 1
org.eclipse.core.runtime.CoreException: C:\Aptana Studio 3  July 2015\2.56.0\css-build.xml:31: The following error occurred while executing this line:
C:\Aptana Studio 3  July 2015\2.56.0\css-build.xml:106: exec returned: 1
	at org.eclipse.ant.core.AntRunner.handleInvocationTargetException(AntRunner.java:452)
	at org.eclipse.ant.core.AntRunner.run(AntRunner.java:384)
	at org.eclipse.ant.internal.launching.launchConfigurations.AntLaunchDelegate.runInSameVM(AntLaunchDelegate.java:321)
	at org.eclipse.ant.internal.launching.launchConfigurations.AntLaunchDelegate.launch(AntLaunchDelegate.java:274)
	at org.eclipse.debug.internal.core.LaunchConfiguration.launch(LaunchConfiguration.java:858)
	at org.eclipse.debug.internal.core.LaunchConfiguration.launch(LaunchConfiguration.java:707)
	at org.eclipse.debug.internal.core.LaunchConfiguration.launch(LaunchConfiguration.java:700)
	at org.eclipse.core.externaltools.internal.model.ExternalToolBuilder.launchBuild(ExternalToolBuilder.java:181)
	at org.eclipse.core.externaltools.internal.model.ExternalToolBuilder.doBuildBasedOnScope(ExternalToolBuilder.java:169)
	at org.eclipse.core.externaltools.internal.model.ExternalToolBuilder.build(ExternalToolBuilder.java:88)
	at org.eclipse.core.internal.events.BuildManager$2.run(BuildManager.java:733)
	at org.eclipse.core.runtime.SafeRunner.run(SafeRunner.java:42)
	at org.eclipse.core.internal.events.BuildManager.basicBuild(BuildManager.java:206)
	at org.eclipse.core.internal.events.BuildManager.basicBuild(BuildManager.java:246)
	at org.eclipse.core.internal.events.BuildManager$1.run(BuildManager.java:299)
	at org.eclipse.core.runtime.SafeRunner.run(SafeRunner.java:42)
	at org.eclipse.core.internal.events.BuildManager.basicBuild(BuildManager.java:302)
	at org.eclipse.core.internal.events.BuildManager.basicBuildLoop(BuildManager.java:358)
	at org.eclipse.core.internal.events.BuildManager.build(BuildManager.java:381)
	at org.eclipse.core.internal.events.AutoBuildJob.doBuild(AutoBuildJob.java:143)
	at org.eclipse.core.internal.events.AutoBuildJob.run(AutoBuildJob.java:241)
	at org.eclipse.core.internal.jobs.Worker.run(Worker.java:53)
Caused by: C:\Aptana Studio 3  July 2015\2.56.0\css-build.xml:31: The following error occurred while executing this line:
C:\Aptana Studio 3  July 2015\2.56.0\css-build.xml:106: exec returned: 1
	at org.apache.tools.ant.ProjectHelper.addLocationToBuildException(ProjectHelper.java:551)
	at org.apache.tools.ant.taskdefs.Ant.execute(Ant.java:444)
	at org.apache.tools.ant.taskdefs.CallTarget.execute(CallTarget.java:105)
	at org.apache.tools.ant.UnknownElement.execute(UnknownElement.java:291)
	at sun.reflect.GeneratedMethodAccessor240.invoke(Unknown Source)
	at sun.reflect.DelegatingMethodAccessorImpl.invoke(Unknown Source)
	at java.lang.reflect.Method.invoke(Unknown Source)
	at org.apache.tools.ant.dispatch.DispatchUtils.execute(DispatchUtils.java:106)
	at org.apache.tools.ant.Task.perform(Task.java:348)
	at org.apache.tools.ant.Target.execute(Target.java:392)
	at org.apache.tools.ant.Target.performTasks(Target.java:413)
	at org.apache.tools.ant.Project.executeSortedTargets(Project.java:1399)
	at org.apache.tools.ant.Project.executeTarget(Project.java:1368)
	at org.apache.tools.ant.helper.DefaultExecutor.executeTargets(DefaultExecutor.java:41)
	at org.eclipse.ant.internal.core.ant.EclipseDefaultExecutor.executeTargets(EclipseDefaultExecutor.java:32)
	at org.apache.tools.ant.Project.executeTargets(Project.java:1251)
	at org.eclipse.ant.internal.core.ant.InternalAntRunner.run(InternalAntRunner.java:672)
	at org.eclipse.ant.internal.core.ant.InternalAntRunner.run(InternalAntRunner.java:498)
	at sun.reflect.NativeMethodAccessorImpl.invoke0(Native Method)
	at sun.reflect.NativeMethodAccessorImpl.invoke(Unknown Source)
	at sun.reflect.DelegatingMethodAccessorImpl.invoke(Unknown Source)
	at java.lang.reflect.Method.invoke(Unknown Source)
	at org.eclipse.ant.core.AntRunner.run(AntRunner.java:378)
	... 20 more
Caused by: C:\Aptana Studio 3  July 2015\2.56.0\css-build.xml:106: exec returned: 1
	at org.apache.tools.ant.taskdefs.ExecTask.runExecute(ExecTask.java:646)
	at org.apache.tools.ant.taskdefs.ExecTask.runExec(ExecTask.java:672)
	at org.apache.tools.ant.taskdefs.ExecTask.execute(ExecTask.java:498)
	at org.apache.tools.ant.UnknownElement.execute(UnknownElement.java:291)
	at sun.reflect.GeneratedMethodAccessor240.invoke(Unknown Source)
	at sun.reflect.DelegatingMethodAccessorImpl.invoke(Unknown Source)
	at java.lang.reflect.Method.invoke(Unknown Source)
	at org.apache.tools.ant.dispatch.DispatchUtils.execute(DispatchUtils.java:106)
	at org.apache.tools.ant.Task.perform(Task.java:348)
	at org.apache.tools.ant.Target.execute(Target.java:392)
	at org.apache.tools.ant.Target.performTasks(Target.java:413)
	at org.apache.tools.ant.Project.executeSortedTargets(Project.java:1399)
	at org.apache.tools.ant.helper.SingleCheckExecutor.executeTargets(SingleCheckExecutor.java:38)
	at org.eclipse.ant.internal.core.ant.EclipseSingleCheckExecutor.executeTargets(EclipseSingleCheckExecutor.java:30)
	at org.apache.tools.ant.Project.executeTargets(Project.java:1251)
	at org.apache.tools.ant.taskdefs.Ant.execute(Ant.java:442)
	... 41 more
!SUBENTRY 1 org.eclipse.ant.core 4 1 2015-07-20 14:44:30.901
!MESSAGE C:\Aptana Studio 3  July 2015\2.56.0\css-build.xml:31: The following error occurred while executing this line:
C:\Aptana Studio 3  July 2015\2.56.0\css-build.xml:106: exec returned: 1
!STACK 0
C:\Aptana Studio 3  July 2015\2.56.0\css-build.xml:31: The following error occurred while executing this line:
C:\Aptana Studio 3  July 2015\2.56.0\css-build.xml:106: exec returned: 1
	at org.apache.tools.ant.ProjectHelper.addLocationToBuildException(ProjectHelper.java:551)
	at org.apache.tools.ant.taskdefs.Ant.execute(Ant.java:444)
	at org.apache.tools.ant.taskdefs.CallTarget.execute(CallTarget.java:105)
	at org.apache.tools.ant.UnknownElement.execute(UnknownElement.java:291)
	at sun.reflect.GeneratedMethodAccessor240.invoke(Unknown Source)
	at sun.reflect.DelegatingMethodAccessorImpl.invoke(Unknown Source)
	at java.lang.reflect.Method.invoke(Unknown Source)
	at org.apache.tools.ant.dispatch.DispatchUtils.execute(DispatchUtils.java:106)
	at org.apache.tools.ant.Task.perform(Task.java:348)
	at org.apache.tools.ant.Target.execute(Target.java:392)
	at org.apache.tools.ant.Target.performTasks(Target.java:413)
	at org.apache.tools.ant.Project.executeSortedTargets(Project.java:1399)
	at org.apache.tools.ant.Project.executeTarget(Project.java:1368)
	at org.apache.tools.ant.helper.DefaultExecutor.executeTargets(DefaultExecutor.java:41)
	at org.eclipse.ant.internal.core.ant.EclipseDefaultExecutor.executeTargets(EclipseDefaultExecutor.java:32)
	at org.apache.tools.ant.Project.executeTargets(Project.java:1251)
	at org.eclipse.ant.internal.core.ant.InternalAntRunner.run(InternalAntRunner.java:672)
	at org.eclipse.ant.internal.core.ant.InternalAntRunner.run(InternalAntRunner.java:498)
	at sun.reflect.NativeMethodAccessorImpl.invoke0(Native Method)
	at sun.reflect.NativeMethodAccessorImpl.invoke(Unknown Source)
	at sun.reflect.DelegatingMethodAccessorImpl.invoke(Unknown Source)
	at java.lang.reflect.Method.invoke(Unknown Source)
	at org.eclipse.ant.core.AntRunner.run(AntRunner.java:378)
	at org.eclipse.ant.internal.launching.launchConfigurations.AntLaunchDelegate.runInSameVM(AntLaunchDelegate.java:321)
	at org.eclipse.ant.internal.launching.launchConfigurations.AntLaunchDelegate.launch(AntLaunchDelegate.java:274)
	at org.eclipse.debug.internal.core.LaunchConfiguration.launch(LaunchConfiguration.java:858)
	at org.eclipse.debug.internal.core.LaunchConfiguration.launch(LaunchConfiguration.java:707)
	at org.eclipse.debug.internal.core.LaunchConfiguration.launch(LaunchConfiguration.java:700)
	at org.eclipse.core.externaltools.internal.model.ExternalToolBuilder.launchBuild(ExternalToolBuilder.java:181)
	at org.eclipse.core.externaltools.internal.model.ExternalToolBuilder.doBuildBasedOnScope(ExternalToolBuilder.java:169)
	at org.eclipse.core.externaltools.internal.model.ExternalToolBuilder.build(ExternalToolBuilder.java:88)
	at org.eclipse.core.internal.events.BuildManager$2.run(BuildManager.java:733)
	at org.eclipse.core.runtime.SafeRunner.run(SafeRunner.java:42)
	at org.eclipse.core.internal.events.BuildManager.basicBuild(BuildManager.java:206)
	at org.eclipse.core.internal.events.BuildManager.basicBuild(BuildManager.java:246)
	at org.eclipse.core.internal.events.BuildManager$1.run(BuildManager.java:299)
	at org.eclipse.core.runtime.SafeRunner.run(SafeRunner.java:42)
	at org.eclipse.core.internal.events.BuildManager.basicBuild(BuildManager.java:302)
	at org.eclipse.core.internal.events.BuildManager.basicBuildLoop(BuildManager.java:358)
	at org.eclipse.core.internal.events.BuildManager.build(BuildManager.java:381)
	at org.eclipse.core.internal.events.AutoBuildJob.doBuild(AutoBuildJob.java:143)
	at org.eclipse.core.internal.events.AutoBuildJob.run(AutoBuildJob.java:241)
	at org.eclipse.core.internal.jobs.Worker.run(Worker.java:53)
Caused by: C:\Aptana Studio 3  July 2015\2.56.0\css-build.xml:106: exec returned: 1
	at org.apache.tools.ant.taskdefs.ExecTask.runExecute(ExecTask.java:646)
	at org.apache.tools.ant.taskdefs.ExecTask.runExec(ExecTask.java:672)
	at org.apache.tools.ant.taskdefs.ExecTask.execute(ExecTask.java:498)
	at org.apache.tools.ant.UnknownElement.execute(UnknownElement.java:291)
	at sun.reflect.GeneratedMethodAccessor240.invoke(Unknown Source)
	at sun.reflect.DelegatingMethodAccessorImpl.invoke(Unknown Source)
	at java.lang.reflect.Method.invoke(Unknown Source)
	at org.apache.tools.ant.dispatch.DispatchUtils.execute(DispatchUtils.java:106)
	at org.apache.tools.ant.Task.perform(Task.java:348)
	at org.apache.tools.ant.Target.execute(Target.java:392)
	at org.apache.tools.ant.Target.performTasks(Target.java:413)
	at org.apache.tools.ant.Project.executeSortedTargets(Project.java:1399)
	at org.apache.tools.ant.helper.SingleCheckExecutor.executeTargets(SingleCheckExecutor.java:38)
	at org.eclipse.ant.internal.core.ant.EclipseSingleCheckExecutor.executeTargets(EclipseSingleCheckExecutor.java:30)
	at org.apache.tools.ant.Project.executeTargets(Project.java:1251)
	at org.apache.tools.ant.taskdefs.Ant.execute(Ant.java:442)
	... 41 more

!ENTRY org.eclipse.ant.launching 4 0 2015-07-20 15:00:56.495
!MESSAGE Ant Build Failed
!STACK 1
org.eclipse.core.runtime.CoreException: C:\Aptana Studio 3  July 2015\2.56.0\css-build.xml:31: The following error occurred while executing this line:
C:\Aptana Studio 3  July 2015\2.56.0\css-build.xml:106: exec returned: 1
	at org.eclipse.ant.core.AntRunner.handleInvocationTargetException(AntRunner.java:452)
	at org.eclipse.ant.core.AntRunner.run(AntRunner.java:384)
	at org.eclipse.ant.internal.launching.launchConfigurations.AntLaunchDelegate.runInSameVM(AntLaunchDelegate.java:321)
	at org.eclipse.ant.internal.launching.launchConfigurations.AntLaunchDelegate.launch(AntLaunchDelegate.java:274)
	at org.eclipse.debug.internal.core.LaunchConfiguration.launch(LaunchConfiguration.java:858)
	at org.eclipse.debug.internal.core.LaunchConfiguration.launch(LaunchConfiguration.java:707)
	at org.eclipse.debug.internal.core.LaunchConfiguration.launch(LaunchConfiguration.java:700)
	at org.eclipse.core.externaltools.internal.model.ExternalToolBuilder.launchBuild(ExternalToolBuilder.java:181)
	at org.eclipse.core.externaltools.internal.model.ExternalToolBuilder.doBuildBasedOnScope(ExternalToolBuilder.java:169)
	at org.eclipse.core.externaltools.internal.model.ExternalToolBuilder.build(ExternalToolBuilder.java:88)
	at org.eclipse.core.internal.events.BuildManager$2.run(BuildManager.java:733)
	at org.eclipse.core.runtime.SafeRunner.run(SafeRunner.java:42)
	at org.eclipse.core.internal.events.BuildManager.basicBuild(BuildManager.java:206)
	at org.eclipse.core.internal.events.BuildManager.basicBuild(BuildManager.java:246)
	at org.eclipse.core.internal.events.BuildManager$1.run(BuildManager.java:299)
	at org.eclipse.core.runtime.SafeRunner.run(SafeRunner.java:42)
	at org.eclipse.core.internal.events.BuildManager.basicBuild(BuildManager.java:302)
	at org.eclipse.core.internal.events.BuildManager.basicBuildLoop(BuildManager.java:358)
	at org.eclipse.core.internal.events.BuildManager.build(BuildManager.java:381)
	at org.eclipse.core.internal.events.AutoBuildJob.doBuild(AutoBuildJob.java:143)
	at org.eclipse.core.internal.events.AutoBuildJob.run(AutoBuildJob.java:241)
	at org.eclipse.core.internal.jobs.Worker.run(Worker.java:53)
Caused by: C:\Aptana Studio 3  July 2015\2.56.0\css-build.xml:31: The following error occurred while executing this line:
C:\Aptana Studio 3  July 2015\2.56.0\css-build.xml:106: exec returned: 1
	at org.apache.tools.ant.ProjectHelper.addLocationToBuildException(ProjectHelper.java:551)
	at org.apache.tools.ant.taskdefs.Ant.execute(Ant.java:444)
	at org.apache.tools.ant.taskdefs.CallTarget.execute(CallTarget.java:105)
	at org.apache.tools.ant.UnknownElement.execute(UnknownElement.java:291)
	at sun.reflect.GeneratedMethodAccessor278.invoke(Unknown Source)
	at sun.reflect.DelegatingMethodAccessorImpl.invoke(Unknown Source)
	at java.lang.reflect.Method.invoke(Unknown Source)
	at org.apache.tools.ant.dispatch.DispatchUtils.execute(DispatchUtils.java:106)
	at org.apache.tools.ant.Task.perform(Task.java:348)
	at org.apache.tools.ant.Target.execute(Target.java:392)
	at org.apache.tools.ant.Target.performTasks(Target.java:413)
	at org.apache.tools.ant.Project.executeSortedTargets(Project.java:1399)
	at org.apache.tools.ant.Project.executeTarget(Project.java:1368)
	at org.apache.tools.ant.helper.DefaultExecutor.executeTargets(DefaultExecutor.java:41)
	at org.eclipse.ant.internal.core.ant.EclipseDefaultExecutor.executeTargets(EclipseDefaultExecutor.java:32)
	at org.apache.tools.ant.Project.executeTargets(Project.java:1251)
	at org.eclipse.ant.internal.core.ant.InternalAntRunner.run(InternalAntRunner.java:672)
	at org.eclipse.ant.internal.core.ant.InternalAntRunner.run(InternalAntRunner.java:498)
	at sun.reflect.NativeMethodAccessorImpl.invoke0(Native Method)
	at sun.reflect.NativeMethodAccessorImpl.invoke(Unknown Source)
	at sun.reflect.DelegatingMethodAccessorImpl.invoke(Unknown Source)
	at java.lang.reflect.Method.invoke(Unknown Source)
	at org.eclipse.ant.core.AntRunner.run(AntRunner.java:378)
	... 20 more
Caused by: C:\Aptana Studio 3  July 2015\2.56.0\css-build.xml:106: exec returned: 1
	at org.apache.tools.ant.taskdefs.ExecTask.runExecute(ExecTask.java:646)
	at org.apache.tools.ant.taskdefs.ExecTask.runExec(ExecTask.java:672)
	at org.apache.tools.ant.taskdefs.ExecTask.execute(ExecTask.java:498)
	at org.apache.tools.ant.UnknownElement.execute(UnknownElement.java:291)
	at sun.reflect.GeneratedMethodAccessor278.invoke(Unknown Source)
	at sun.reflect.DelegatingMethodAccessorImpl.invoke(Unknown Source)
	at java.lang.reflect.Method.invoke(Unknown Source)
	at org.apache.tools.ant.dispatch.DispatchUtils.execute(DispatchUtils.java:106)
	at org.apache.tools.ant.Task.perform(Task.java:348)
	at org.apache.tools.ant.Target.execute(Target.java:392)
	at org.apache.tools.ant.Target.performTasks(Target.java:413)
	at org.apache.tools.ant.Project.executeSortedTargets(Project.java:1399)
	at org.apache.tools.ant.helper.SingleCheckExecutor.executeTargets(SingleCheckExecutor.java:38)
	at org.eclipse.ant.internal.core.ant.EclipseSingleCheckExecutor.executeTargets(EclipseSingleCheckExecutor.java:30)
	at org.apache.tools.ant.Project.executeTargets(Project.java:1251)
	at org.apache.tools.ant.taskdefs.Ant.execute(Ant.java:442)
	... 41 more
!SUBENTRY 1 org.eclipse.ant.core 4 1 2015-07-20 15:00:56.495
!MESSAGE C:\Aptana Studio 3  July 2015\2.56.0\css-build.xml:31: The following error occurred while executing this line:
C:\Aptana Studio 3  July 2015\2.56.0\css-build.xml:106: exec returned: 1
!STACK 0
C:\Aptana Studio 3  July 2015\2.56.0\css-build.xml:31: The following error occurred while executing this line:
C:\Aptana Studio 3  July 2015\2.56.0\css-build.xml:106: exec returned: 1
	at org.apache.tools.ant.ProjectHelper.addLocationToBuildException(ProjectHelper.java:551)
	at org.apache.tools.ant.taskdefs.Ant.execute(Ant.java:444)
	at org.apache.tools.ant.taskdefs.CallTarget.execute(CallTarget.java:105)
	at org.apache.tools.ant.UnknownElement.execute(UnknownElement.java:291)
	at sun.reflect.GeneratedMethodAccessor278.invoke(Unknown Source)
	at sun.reflect.DelegatingMethodAccessorImpl.invoke(Unknown Source)
	at java.lang.reflect.Method.invoke(Unknown Source)
	at org.apache.tools.ant.dispatch.DispatchUtils.execute(DispatchUtils.java:106)
	at org.apache.tools.ant.Task.perform(Task.java:348)
	at org.apache.tools.ant.Target.execute(Target.java:392)
	at org.apache.tools.ant.Target.performTasks(Target.java:413)
	at org.apache.tools.ant.Project.executeSortedTargets(Project.java:1399)
	at org.apache.tools.ant.Project.executeTarget(Project.java:1368)
	at org.apache.tools.ant.helper.DefaultExecutor.executeTargets(DefaultExecutor.java:41)
	at org.eclipse.ant.internal.core.ant.EclipseDefaultExecutor.executeTargets(EclipseDefaultExecutor.java:32)
	at org.apache.tools.ant.Project.executeTargets(Project.java:1251)
	at org.eclipse.ant.internal.core.ant.InternalAntRunner.run(InternalAntRunner.java:672)
	at org.eclipse.ant.internal.core.ant.InternalAntRunner.run(InternalAntRunner.java:498)
	at sun.reflect.NativeMethodAccessorImpl.invoke0(Native Method)
	at sun.reflect.NativeMethodAccessorImpl.invoke(Unknown Source)
	at sun.reflect.DelegatingMethodAccessorImpl.invoke(Unknown Source)
	at java.lang.reflect.Method.invoke(Unknown Source)
	at org.eclipse.ant.core.AntRunner.run(AntRunner.java:378)
	at org.eclipse.ant.internal.launching.launchConfigurations.AntLaunchDelegate.runInSameVM(AntLaunchDelegate.java:321)
	at org.eclipse.ant.internal.launching.launchConfigurations.AntLaunchDelegate.launch(AntLaunchDelegate.java:274)
	at org.eclipse.debug.internal.core.LaunchConfiguration.launch(LaunchConfiguration.java:858)
	at org.eclipse.debug.internal.core.LaunchConfiguration.launch(LaunchConfiguration.java:707)
	at org.eclipse.debug.internal.core.LaunchConfiguration.launch(LaunchConfiguration.java:700)
	at org.eclipse.core.externaltools.internal.model.ExternalToolBuilder.launchBuild(ExternalToolBuilder.java:181)
	at org.eclipse.core.externaltools.internal.model.ExternalToolBuilder.doBuildBasedOnScope(ExternalToolBuilder.java:169)
	at org.eclipse.core.externaltools.internal.model.ExternalToolBuilder.build(ExternalToolBuilder.java:88)
	at org.eclipse.core.internal.events.BuildManager$2.run(BuildManager.java:733)
	at org.eclipse.core.runtime.SafeRunner.run(SafeRunner.java:42)
	at org.eclipse.core.internal.events.BuildManager.basicBuild(BuildManager.java:206)
	at org.eclipse.core.internal.events.BuildManager.basicBuild(BuildManager.java:246)
	at org.eclipse.core.internal.events.BuildManager$1.run(BuildManager.java:299)
	at org.eclipse.core.runtime.SafeRunner.run(SafeRunner.java:42)
	at org.eclipse.core.internal.events.BuildManager.basicBuild(BuildManager.java:302)
	at org.eclipse.core.internal.events.BuildManager.basicBuildLoop(BuildManager.java:358)
	at org.eclipse.core.internal.events.BuildManager.build(BuildManager.java:381)
	at org.eclipse.core.internal.events.AutoBuildJob.doBuild(AutoBuildJob.java:143)
	at org.eclipse.core.internal.events.AutoBuildJob.run(AutoBuildJob.java:241)
	at org.eclipse.core.internal.jobs.Worker.run(Worker.java:53)
Caused by: C:\Aptana Studio 3  July 2015\2.56.0\css-build.xml:106: exec returned: 1
	at org.apache.tools.ant.taskdefs.ExecTask.runExecute(ExecTask.java:646)
	at org.apache.tools.ant.taskdefs.ExecTask.runExec(ExecTask.java:672)
	at org.apache.tools.ant.taskdefs.ExecTask.execute(ExecTask.java:498)
	at org.apache.tools.ant.UnknownElement.execute(UnknownElement.java:291)
	at sun.reflect.GeneratedMethodAccessor278.invoke(Unknown Source)
	at sun.reflect.DelegatingMethodAccessorImpl.invoke(Unknown Source)
	at java.lang.reflect.Method.invoke(Unknown Source)
	at org.apache.tools.ant.dispatch.DispatchUtils.execute(DispatchUtils.java:106)
	at org.apache.tools.ant.Task.perform(Task.java:348)
	at org.apache.tools.ant.Target.execute(Target.java:392)
	at org.apache.tools.ant.Target.performTasks(Target.java:413)
	at org.apache.tools.ant.Project.executeSortedTargets(Project.java:1399)
	at org.apache.tools.ant.helper.SingleCheckExecutor.executeTargets(SingleCheckExecutor.java:38)
	at org.eclipse.ant.internal.core.ant.EclipseSingleCheckExecutor.executeTargets(EclipseSingleCheckExecutor.java:30)
	at org.apache.tools.ant.Project.executeTargets(Project.java:1251)
	at org.apache.tools.ant.taskdefs.Ant.execute(Ant.java:442)
	... 41 more

!ENTRY org.eclipse.ant.launching 4 0 2015-07-20 15:02:35.381
!MESSAGE Ant Build Failed
!STACK 1
org.eclipse.core.runtime.CoreException: C:\Aptana Studio 3  July 2015\2.56.0\css-build.xml:31: The following error occurred while executing this line:
C:\Aptana Studio 3  July 2015\2.56.0\css-build.xml:106: exec returned: 1
	at org.eclipse.ant.core.AntRunner.handleInvocationTargetException(AntRunner.java:452)
	at org.eclipse.ant.core.AntRunner.run(AntRunner.java:384)
	at org.eclipse.ant.internal.launching.launchConfigurations.AntLaunchDelegate.runInSameVM(AntLaunchDelegate.java:321)
	at org.eclipse.ant.internal.launching.launchConfigurations.AntLaunchDelegate.launch(AntLaunchDelegate.java:274)
	at org.eclipse.debug.internal.core.LaunchConfiguration.launch(LaunchConfiguration.java:858)
	at org.eclipse.debug.internal.core.LaunchConfiguration.launch(LaunchConfiguration.java:707)
	at org.eclipse.debug.internal.core.LaunchConfiguration.launch(LaunchConfiguration.java:700)
	at org.eclipse.core.externaltools.internal.model.ExternalToolBuilder.launchBuild(ExternalToolBuilder.java:181)
	at org.eclipse.core.externaltools.internal.model.ExternalToolBuilder.doBuildBasedOnScope(ExternalToolBuilder.java:169)
	at org.eclipse.core.externaltools.internal.model.ExternalToolBuilder.build(ExternalToolBuilder.java:88)
	at org.eclipse.core.internal.events.BuildManager$2.run(BuildManager.java:733)
	at org.eclipse.core.runtime.SafeRunner.run(SafeRunner.java:42)
	at org.eclipse.core.internal.events.BuildManager.basicBuild(BuildManager.java:206)
	at org.eclipse.core.internal.events.BuildManager.basicBuild(BuildManager.java:246)
	at org.eclipse.core.internal.events.BuildManager$1.run(BuildManager.java:299)
	at org.eclipse.core.runtime.SafeRunner.run(SafeRunner.java:42)
	at org.eclipse.core.internal.events.BuildManager.basicBuild(BuildManager.java:302)
	at org.eclipse.core.internal.events.BuildManager.basicBuildLoop(BuildManager.java:358)
	at org.eclipse.core.internal.events.BuildManager.build(BuildManager.java:381)
	at org.eclipse.core.internal.events.AutoBuildJob.doBuild(AutoBuildJob.java:143)
	at org.eclipse.core.internal.events.AutoBuildJob.run(AutoBuildJob.java:241)
	at org.eclipse.core.internal.jobs.Worker.run(Worker.java:53)
Caused by: C:\Aptana Studio 3  July 2015\2.56.0\css-build.xml:31: The following error occurred while executing this line:
C:\Aptana Studio 3  July 2015\2.56.0\css-build.xml:106: exec returned: 1
	at org.apache.tools.ant.ProjectHelper.addLocationToBuildException(ProjectHelper.java:551)
	at org.apache.tools.ant.taskdefs.Ant.execute(Ant.java:444)
	at org.apache.tools.ant.taskdefs.CallTarget.execute(CallTarget.java:105)
	at org.apache.tools.ant.UnknownElement.execute(UnknownElement.java:291)
	at sun.reflect.GeneratedMethodAccessor295.invoke(Unknown Source)
	at sun.reflect.DelegatingMethodAccessorImpl.invoke(Unknown Source)
	at java.lang.reflect.Method.invoke(Unknown Source)
	at org.apache.tools.ant.dispatch.DispatchUtils.execute(DispatchUtils.java:106)
	at org.apache.tools.ant.Task.perform(Task.java:348)
	at org.apache.tools.ant.Target.execute(Target.java:392)
	at org.apache.tools.ant.Target.performTasks(Target.java:413)
	at org.apache.tools.ant.Project.executeSortedTargets(Project.java:1399)
	at org.apache.tools.ant.Project.executeTarget(Project.java:1368)
	at org.apache.tools.ant.helper.DefaultExecutor.executeTargets(DefaultExecutor.java:41)
	at org.eclipse.ant.internal.core.ant.EclipseDefaultExecutor.executeTargets(EclipseDefaultExecutor.java:32)
	at org.apache.tools.ant.Project.executeTargets(Project.java:1251)
	at org.eclipse.ant.internal.core.ant.InternalAntRunner.run(InternalAntRunner.java:672)
	at org.eclipse.ant.internal.core.ant.InternalAntRunner.run(InternalAntRunner.java:498)
	at sun.reflect.NativeMethodAccessorImpl.invoke0(Native Method)
	at sun.reflect.NativeMethodAccessorImpl.invoke(Unknown Source)
	at sun.reflect.DelegatingMethodAccessorImpl.invoke(Unknown Source)
	at java.lang.reflect.Method.invoke(Unknown Source)
	at org.eclipse.ant.core.AntRunner.run(AntRunner.java:378)
	... 20 more
Caused by: C:\Aptana Studio 3  July 2015\2.56.0\css-build.xml:106: exec returned: 1
	at org.apache.tools.ant.taskdefs.ExecTask.runExecute(ExecTask.java:646)
	at org.apache.tools.ant.taskdefs.ExecTask.runExec(ExecTask.java:672)
	at org.apache.tools.ant.taskdefs.ExecTask.execute(ExecTask.java:498)
	at org.apache.tools.ant.UnknownElement.execute(UnknownElement.java:291)
	at sun.reflect.GeneratedMethodAccessor295.invoke(Unknown Source)
	at sun.reflect.DelegatingMethodAccessorImpl.invoke(Unknown Source)
	at java.lang.reflect.Method.invoke(Unknown Source)
	at org.apache.tools.ant.dispatch.DispatchUtils.execute(DispatchUtils.java:106)
	at org.apache.tools.ant.Task.perform(Task.java:348)
	at org.apache.tools.ant.Target.execute(Target.java:392)
	at org.apache.tools.ant.Target.performTasks(Target.java:413)
	at org.apache.tools.ant.Project.executeSortedTargets(Project.java:1399)
	at org.apache.tools.ant.helper.SingleCheckExecutor.executeTargets(SingleCheckExecutor.java:38)
	at org.eclipse.ant.internal.core.ant.EclipseSingleCheckExecutor.executeTargets(EclipseSingleCheckExecutor.java:30)
	at org.apache.tools.ant.Project.executeTargets(Project.java:1251)
	at org.apache.tools.ant.taskdefs.Ant.execute(Ant.java:442)
	... 41 more
!SUBENTRY 1 org.eclipse.ant.core 4 1 2015-07-20 15:02:35.381
!MESSAGE C:\Aptana Studio 3  July 2015\2.56.0\css-build.xml:31: The following error occurred while executing this line:
C:\Aptana Studio 3  July 2015\2.56.0\css-build.xml:106: exec returned: 1
!STACK 0
C:\Aptana Studio 3  July 2015\2.56.0\css-build.xml:31: The following error occurred while executing this line:
C:\Aptana Studio 3  July 2015\2.56.0\css-build.xml:106: exec returned: 1
	at org.apache.tools.ant.ProjectHelper.addLocationToBuildException(ProjectHelper.java:551)
	at org.apache.tools.ant.taskdefs.Ant.execute(Ant.java:444)
	at org.apache.tools.ant.taskdefs.CallTarget.execute(CallTarget.java:105)
	at org.apache.tools.ant.UnknownElement.execute(UnknownElement.java:291)
	at sun.reflect.GeneratedMethodAccessor295.invoke(Unknown Source)
	at sun.reflect.DelegatingMethodAccessorImpl.invoke(Unknown Source)
	at java.lang.reflect.Method.invoke(Unknown Source)
	at org.apache.tools.ant.dispatch.DispatchUtils.execute(DispatchUtils.java:106)
	at org.apache.tools.ant.Task.perform(Task.java:348)
	at org.apache.tools.ant.Target.execute(Target.java:392)
	at org.apache.tools.ant.Target.performTasks(Target.java:413)
	at org.apache.tools.ant.Project.executeSortedTargets(Project.java:1399)
	at org.apache.tools.ant.Project.executeTarget(Project.java:1368)
	at org.apache.tools.ant.helper.DefaultExecutor.executeTargets(DefaultExecutor.java:41)
	at org.eclipse.ant.internal.core.ant.EclipseDefaultExecutor.executeTargets(EclipseDefaultExecutor.java:32)
	at org.apache.tools.ant.Project.executeTargets(Project.java:1251)
	at org.eclipse.ant.internal.core.ant.InternalAntRunner.run(InternalAntRunner.java:672)
	at org.eclipse.ant.internal.core.ant.InternalAntRunner.run(InternalAntRunner.java:498)
	at sun.reflect.NativeMethodAccessorImpl.invoke0(Native Method)
	at sun.reflect.NativeMethodAccessorImpl.invoke(Unknown Source)
	at sun.reflect.DelegatingMethodAccessorImpl.invoke(Unknown Source)
	at java.lang.reflect.Method.invoke(Unknown Source)
	at org.eclipse.ant.core.AntRunner.run(AntRunner.java:378)
	at org.eclipse.ant.internal.launching.launchConfigurations.AntLaunchDelegate.runInSameVM(AntLaunchDelegate.java:321)
	at org.eclipse.ant.internal.launching.launchConfigurations.AntLaunchDelegate.launch(AntLaunchDelegate.java:274)
	at org.eclipse.debug.internal.core.LaunchConfiguration.launch(LaunchConfiguration.java:858)
	at org.eclipse.debug.internal.core.LaunchConfiguration.launch(LaunchConfiguration.java:707)
	at org.eclipse.debug.internal.core.LaunchConfiguration.launch(LaunchConfiguration.java:700)
	at org.eclipse.core.externaltools.internal.model.ExternalToolBuilder.launchBuild(ExternalToolBuilder.java:181)
	at org.eclipse.core.externaltools.internal.model.ExternalToolBuilder.doBuildBasedOnScope(ExternalToolBuilder.java:169)
	at org.eclipse.core.externaltools.internal.model.ExternalToolBuilder.build(ExternalToolBuilder.java:88)
	at org.eclipse.core.internal.events.BuildManager$2.run(BuildManager.java:733)
	at org.eclipse.core.runtime.SafeRunner.run(SafeRunner.java:42)
	at org.eclipse.core.internal.events.BuildManager.basicBuild(BuildManager.java:206)
	at org.eclipse.core.internal.events.BuildManager.basicBuild(BuildManager.java:246)
	at org.eclipse.core.internal.events.BuildManager$1.run(BuildManager.java:299)
	at org.eclipse.core.runtime.SafeRunner.run(SafeRunner.java:42)
	at org.eclipse.core.internal.events.BuildManager.basicBuild(BuildManager.java:302)
	at org.eclipse.core.internal.events.BuildManager.basicBuildLoop(BuildManager.java:358)
	at org.eclipse.core.internal.events.BuildManager.build(BuildManager.java:381)
	at org.eclipse.core.internal.events.AutoBuildJob.doBuild(AutoBuildJob.java:143)
	at org.eclipse.core.internal.events.AutoBuildJob.run(AutoBuildJob.java:241)
	at org.eclipse.core.internal.jobs.Worker.run(Worker.java:53)
Caused by: C:\Aptana Studio 3  July 2015\2.56.0\css-build.xml:106: exec returned: 1
	at org.apache.tools.ant.taskdefs.ExecTask.runExecute(ExecTask.java:646)
	at org.apache.tools.ant.taskdefs.ExecTask.runExec(ExecTask.java:672)
	at org.apache.tools.ant.taskdefs.ExecTask.execute(ExecTask.java:498)
	at org.apache.tools.ant.UnknownElement.execute(UnknownElement.java:291)
	at sun.reflect.GeneratedMethodAccessor295.invoke(Unknown Source)
	at sun.reflect.DelegatingMethodAccessorImpl.invoke(Unknown Source)
	at java.lang.reflect.Method.invoke(Unknown Source)
	at org.apache.tools.ant.dispatch.DispatchUtils.execute(DispatchUtils.java:106)
	at org.apache.tools.ant.Task.perform(Task.java:348)
	at org.apache.tools.ant.Target.execute(Target.java:392)
	at org.apache.tools.ant.Target.performTasks(Target.java:413)
	at org.apache.tools.ant.Project.executeSortedTargets(Project.java:1399)
	at org.apache.tools.ant.helper.SingleCheckExecutor.executeTargets(SingleCheckExecutor.java:38)
	at org.eclipse.ant.internal.core.ant.EclipseSingleCheckExecutor.executeTargets(EclipseSingleCheckExecutor.java:30)
	at org.apache.tools.ant.Project.executeTargets(Project.java:1251)
	at org.apache.tools.ant.taskdefs.Ant.execute(Ant.java:442)
	... 41 more
